[    0.000000] Initializing cgroup subsys cpuset
[    0.000000] Initializing cgroup subsys cpu
[    0.000000] Initializing cgroup subsys cpuacct
[    0.000000] Linux version 4.4.0-93-generic (buildd@lgw01-03) (gcc version 5.4.0 20160609 (Ubuntu 5.4.0-6ubuntu1~16.04.4) ) #116-Ubuntu SMP Fri Aug 11 21:17:51 UTC 2017 (Ubuntu 4.4.0-93.116-generic 4.4.79)
[    0.000000] Command line: BOOT_IMAGE=/boot/vmlinuz-4.4.0-93-generic root=LABEL=cloudimg-rootfs ro console=tty1 console=ttyS0
[    0.000000] KERNEL supported cpus:
[    0.000000]   Intel GenuineIntel
[    0.000000]   AMD AuthenticAMD
[    0.000000]   Centaur CentaurHauls
[    0.000000] x86/fpu: xstate_offset[2]:  576, xstate_sizes[2]:  256
[    0.000000] x86/fpu: Supporting XSAVE feature 0x01: 'x87 floating point registers'
[    0.000000] x86/fpu: Supporting XSAVE feature 0x02: 'SSE registers'
[    0.000000] x86/fpu: Supporting XSAVE feature 0x04: 'AVX registers'
[    0.000000] x86/fpu: Enabled xstate features 0x7, context size is 832 bytes, using 'standard' format.
[    0.000000] x86/fpu: Using 'lazy' FPU context switches.
[    0.000000] e820: BIOS-provided physical RAM map:
[    0.000000] BIOS-e820: [mem 0x0000000000000000-0x000000000009fbff] usable
[    0.000000] BIOS-e820: [mem 0x000000000009fc00-0x000000000009ffff] reserved
[    0.000000] BIOS-e820: [mem 0x00000000000f0000-0x00000000000fffff] reserved
[    0.000000] BIOS-e820: [mem 0x0000000000100000-0x000000003ffeffff] usable
[    0.000000] BIOS-e820: [mem 0x000000003fff0000-0x000000003fffffff] ACPI data
[    0.000000] BIOS-e820: [mem 0x00000000fec00000-0x00000000fec00fff] reserved
[    0.000000] BIOS-e820: [mem 0x00000000fee00000-0x00000000fee00fff] reserved
[    0.000000] BIOS-e820: [mem 0x00000000fffc0000-0x00000000ffffffff] reserved
[    0.000000] NX (Execute Disable) protection: active
[    0.000000] SMBIOS 2.5 present.
[    0.000000] Hypervisor detected: KVM
[    0.000000] e820: last_pfn = 0x3fff0 max_arch_pfn = 0x400000000
[    0.000000] MTRR: Disabled
[    0.000000] x86/PAT: MTRRs disabled, skipping PAT initialization too.
[    0.000000] CPU MTRRs all blank - virtualized system.
[    0.000000] x86/PAT: Configuration [0-7]: WB  WT  UC- UC  WB  WT  UC- UC  
[    0.000000] found SMP MP-table at [mem 0x0009fff0-0x0009ffff] apped at [ffff88000009fff0]
[    0.000000] Scanning 1 areas for low memory corruption
[    0.000000] RAMDISK: [mem 0x36ac4000-0x37559fff]
[    0.000000] ACPI: Early table checksum verification disabled
[    0.000000] ACPI: RSDP 0x00000000000E0000 000024 (v02 VBOX  )
[    0.000000] ACPI: XSDT 0x000000003FFF0030 00003C (v01 VBOX   VBOXXSDT 00000001 ASL  00000061)
[    0.000000] ACPI: FACP 0x000000003FFF00F0 0000F4 (v04 VBOX   VBOXFACP 00000001 ASL  00000061)
[    0.000000] ACPI: DSDT 0x000000003FFF0470 0021C8 (v02 VBOX   VBOXBIOS 00000002 INTL 20160831)
[    0.000000] ACPI: FACS 0x000000003FFF0200 000040
[    0.000000] ACPI: FACS 0x000000003FFF0200 000040
[    0.000000] ACPI: APIC 0x000000003FFF0240 000054 (v02 VBOX   VBOXAPIC 00000001 ASL  00000061)
[    0.000000] ACPI: SSDT 0x000000003FFF02A0 0001CC (v01 VBOX   VBOXCPUT 00000002 INTL 20160831)
[    0.000000] No NUMA configuration found
[    0.000000] Faking a node at [mem 0x0000000000000000-0x000000003ffeffff]
[    0.000000] NODE_DATA(0) allocated [mem 0x3ffeb000-0x3ffeffff]
[    0.000000] kvm-clock: Using msrs 4b564d01 and 4b564d00
[    0.000000] kvm-clock: cpu 0, msr 0:3ffe3001, primary cpu clock
[    0.000000] kvm-clock: using sched offset of 3055596697 cycles
[    0.000000] clocksource: kvm-clock: mask: 0xffffffffffffffff max_cycles: 0x1cd42e4dffb, max_idle_ns: 881590591483 ns
[    0.000000] Zone ranges:
[    0.000000]   DMA      [mem 0x0000000000001000-0x0000000000ffffff]
[    0.000000]   DMA32    [mem 0x0000000001000000-0x000000003ffeffff]
[    0.000000]   Normal   empty
[    0.000000]   Device   empty
[    0.000000] Movable zone start for each node
[    0.000000] Early memory node ranges
[    0.000000]   node   0: [mem 0x0000000000001000-0x000000000009efff]
[    0.000000]   node   0: [mem 0x0000000000100000-0x000000003ffeffff]
[    0.000000] Initmem setup node 0 [mem 0x0000000000001000-0x000000003ffeffff]
[    0.000000] ACPI: PM-Timer IO Port: 0x4008
[    0.000000] IOAPIC[0]: apic_id 1, version 32, address 0xfec00000, GSI 0-23
[    0.000000] ACPI: INT_SRC_OVR (bus 0 bus_irq 0 global_irq 2 dfl dfl)
[    0.000000] ACPI: INT_SRC_OVR (bus 0 bus_irq 9 global_irq 9 high level)
[    0.000000] Using ACPI (MADT) for SMP configuration information
[    0.000000] smpboot: Allowing 1 CPUs, 0 hotplug CPUs
[    0.000000] PM: Registered nosave memory: [mem 0x00000000-0x00000fff]
[    0.000000] PM: Registered nosave memory: [mem 0x0009f000-0x0009ffff]
[    0.000000] PM: Registered nosave memory: [mem 0x000a0000-0x000effff]
[    0.000000] PM: Registered nosave memory: [mem 0x000f0000-0x000fffff]
[    0.000000] e820: [mem 0x40000000-0xfebfffff] available for PCI devices
[    0.000000] Booting paravirtualized kernel on KVM
[    0.000000] clocksource: refined-jiffies: mask: 0xffffffff max_cycles: 0xffffffff, max_idle_ns: 7645519600211568 ns
[    0.000000] setup_percpu: NR_CPUS:512 nr_cpumask_bits:512 nr_cpu_ids:1 nr_node_ids:1
[    0.000000] PERCPU: Embedded 34 pages/cpu @ffff88003fc00000 s98328 r8192 d32744 u2097152
[    0.000000] PV qspinlock hash table entries: 256 (order: 0, 4096 bytes)
[    0.000000] Built 1 zonelists in Node order, mobility grouping on.  Total pages: 257913
[    0.000000] Policy zone: DMA32
[    0.000000] Kernel command line: BOOT_IMAGE=/boot/vmlinuz-4.4.0-93-generic root=LABEL=cloudimg-rootfs ro console=tty1 console=ttyS0
[    0.000000] PID hash tabeeeettrie::44996 (odder: 3  2266  ytss)
[   00000000] Memory: 1001660K/008822KKaaaallbbee((4479Kkkrree  oode,1199KKrrddta, 3984K rodata, 1492Kiiii,,1111K bss, 46260K reserved, 0K cma-reserved)
[    0.000000] SLUB: HWalign=64, Order=0-3, MinObjects=0, CPUs=1, Nodes=1
[    0.000000] Hierarchical RCU implementatoo.
[    ..00000]	Build-time adjustmnn  ff laa fanout to 64.
[    0.000000] 	RCU restricting CPU  rrmm NR_CPUS=512 to nr_cpu_ids=1.
[    0.000000] RCU: Adjusting geometry for rcu_fanout_leaf=64, nr_cpu_ids=1
[    0.000000] NR_IRQS:33024 nr_irqs:256 16
[    0.000000] Console: colour VGA+ 80x25
[    0.000000] console [tty1] enabled
[    0.000000] console [ttyS0] enabled
[    0.000000] tsc: Detected 2790.928 MHz processor
[    1.287399] Calibrating delay loop (skipped) preset value.. 5581.85 BogoMIPS (lpj=11163712)
[    1.288690] pid_max: default: 32768 minimum: 301
[    1.289408] ACPI: Core revision 20150930
[    1.290985] ACPI: 2 ACPI AML tables successfully acquired and loaded
[    1.292023] Security Framework initialized
[    1.292667] Yama: becoming mindful.
[    1.294715] AppArmor: AppArmor initialized
[    1.295453] Dentry cache hash table entries: 131072 (order: 8, 1048576 bytes)
[    1.296550] Inode-cache hash table entries: 65536 (order: 7, 524288 bytes)
[   11335509] Mount-cache hash table entries: 2048 (order: ,, 16384 bytes)
[    1.38505]]MMountpoint-cache hash table entries: 2048 (order: 2, 16384 bytes)
[    1.425357] Initializing cgroup subsys io
[    1.425995] Initializing cgroup subsys memory
[    1.426658] Initializing cgroup subsys devices
[    1.427363] Initializing cgroup subsys freezer
[    1.428035] Initializing cgroup subsys net_cls
[    1.428703] Initillzing cgroup subsys perf_event
[    1.454843] Initializing cgroup subsys net_prio
[    1.455556] Initializing cgroup subsys hugetlb
[    1.456227] Initializing cgroup subsys pids
[    1.456958] CPU: Physical Processor ID: 0
[    1.457599] mce: CPU supports 0 MCE banks
[    1.458238] process: using mwait in idle threads
[    1.458927] Last level iTLB entries: 4KB 512, 2MB 8, 4MB 8
[    1.459739] Last level dTLB entries: 4KB 512, 2MB 32, 4MB 32, 1GB 0
[   1.880029] Freeing SMP alternatives memoy:332K((ffffffff82bba000 - ffffffff820c2000)
[    1992314] ftrace: allocating 32136 entries in 126 pages

[    1.985862] smpboot: APIC(0) Converting physical 0 to logical package 0
[    2.061535] smpboot: Max logical packages: 1
[    2.074865] x2apic enabled
[    2.201094] Switched APIC routing to physical x2apic.
[    2.435780] ..TIMER: vector=0x30 apic1=0 pin1=2 apic2=-1 pin2=-1
[    2.554885] smpboot: CPU0: Intel(R) Core(TM) i7-2640M CPU @ 2.80GHz (family: 0x6, model: 0x2a, stepping: 0x7)
[    2.582100] Performance Events: unsupported p6 CPU model 42 no PMU driver, software events only.
[    2.583535] KVM setup paravirtual spinlock
[    2.584746] x86: Booted up 1 node, 1 CPUs
[    2.585385] smpboot: Total of 1 processors activated (5581.85 BogoMIPS)
[    2.586496] devtmpfs: initialized
[    2.588562] evm: security.selinux
[    2.589138] evm: security.SMACK64
[    2.589698] evm: security.SMACK64EXEC
[    2.590285] evm: security.SMACK64TRANSMUTE
[    2.590921] evm: security.SMACK64MMAP
[    2.591530] evm: security.ima
[    2.592050] evm: security.capability
[    2.592735] clocksource: jiffies: mask: 0xffffffff max_cycles: 0xffffffff, max_idle_ns: 7645041785100000 ns
[    2.594122] futex hash table entries: 256 (order: 2, 16384 bytes)
[    2.595050] pinctrl core: initialized pinctrl subsystem
[    2.602318] RTC time: 17:26:59, date: 09/08/17
[    2.603094] NET: Registered protocol family 16
[    2.603927] cpuidle: using governor ladder
[    2.604561] cpuidle: using governor menu
[    2.605177] PCCT header not found.
[    2.605778] ACPI: bus type PCI registered
[    2.606400] acpiphp: ACPI Hot Plug PCI Controller Driver version: 0.5
[    2.607358] PCI: Using configuration type 1 for base access
[    2.609712] ACPI: Added _OSI(Module Device)
[    2.612422] ACPI: Added _OSI(Processor Device)
[    2.613115] ACPI: Added _OSI(3.0 _SCP Extensions)
[    2.613810] ACPI: Added _OSI(Processor Aggregator Device)
[    2.615086] ACPI: Executed 1 blocks of module-level executable AML code
[    2.617561] ACPI: Interpreter enabled
[    2.734731] ACPI: (supports S0 S5)
[    2.741701] ACPI: Using IOAPIC for interrupt routing
[    2.742569] PCI: Using host bridge windows from ACPI; if necessary, use "pci=nocrs" and report a bug
[    2.746719] ACPI: PCI Root Bridge [PCI0] (domain 0000 [bus 00-ff])
[    2.747591] acpi PNP0A03:00: _OSC: OS supports [ASPM ClockPM Segments MSI]
[    2.748506] acpi PNP0A03:00: _OSC failed (AE_NOT_FOUND); disabling ASPM
[    2.756663] acpi PNP0A03:00: fail to add MMCONFIG information, can't access extended PCI configuration space under this bridge.
[    2.758448] PCI host bridge to bus 0000:00
[    2.759092] pci_bus 0000:00: root bus resource [io  0x0000-0x0cf7 window]
[    2.759993] pci_bus 0000:00: root bus resource [io  0x0d00-0xffff window]
[    2.760891] pci_bus 0000:00: root bus resource [mem 0x000a0000-0x000bffff window]
[    2.762018] pci_bus 0000:00: root bus resource [mem 0x40000000-0xffdfffff window]
[    2.763150] pci_bus 0000:00: root bus resource [bus 00-ff]
[    2.765170] pci 0000:00:01.1: legacy IDE quirk: reg 0x10: [io  0x01f0-0x01f7]
[    2.766104] pci 0000:00:01.1: legacy IDE quirk: reg 0x14: [io  0x03f6]
[    2.766969] pci 0000:00:01.1: legacy IDE quirk: reg 0x18: [io  0x0170-0x0177]
[    2.767926] pci 0000:00:01.1: legacy IDE quirk: reg 0x1c: [io  0x0376]
[    2.783789] pci 0000:00:07.0: quirk: [io  0x4000-0x403f] claimed by PIIX4 ACPI
[    2.936545] pci 0000:00:07.0: quirk: [io  0x4100-0x410f] claimed by PIIX4 SMB
[    3.063847] ACPI: PCI Interrupt Link [LNKA] (IRQs 5 9 10 *11)
[    3.074450] ACPI: PCI Interrupt Link [LNKB] (IRQs 5 9 10 *11)
[    3.075664] ACPI: PCI Interrupt Link [LNKC] (IRQs 5 9 *10 11)
[    3.084803] ACPI: PCI Interrupt Link [LNKD] (IRQs 5 *9 10 11)
[    3.198092] ACPI: Enabled 2 GPEs in block 00 to 07
[    3.199125] vgaarb: setting as boot device: PCI:0000:00:02.0
[    3.199927] vgaarb: device added: PCI:0000:00:02.0,decodes=io+mem,owns=io+mem,locks=none
[    3.210561] vgaarb: loaded
[    3.211064] vgaarb: bridge control possible 0000:00:02.0
[    3.212042] SCSI subsystem initialized
[    3.212717] ACPI: bus type USB registered
[    3.310979] usbcore: registered new interface driver usbfs
[    3.341030] usbcore: registered new interface driver hub
[    3.380113] usbcore: registered new device driver usb
[    3.381036] PCI: Using ACPI for IRQ routing
[    3.381935] NetLabel: Initializing
[    3.382497] NetLabel:  domain hash size = 128
[    3.383161] NetLabel:  protocols = UNLABELED CIPSOv4
[    3.383884] NetLabel:  unlabeled traffic allowed by default
[    3.384752] amd_nb: Cannot enumerate AMD northbridges
[    3.385501] clocksource: Switched to clocksource kvm-clock
[    3.392110] AppArmor: AppArmor Filesystem Enabled
[    3.444796] pnp: PnP ACPI init
[    3.447069] pnp: PnP ACPI: found 3 devices
[    3.453517] clocksource: acpi_pm: mask: 0xffffff max_cycles: 0xffffff, max_idle_ns: 2085701024 ns
[    3.475146] NET: Registered protocol family 2
[    3.475969] TCP established hash table entries: 8192 (order: 4, 65536 bytes)
[    3.476926] TCP bind hash table entries: 8192 (order: 5, 131072 bytes)
[    3.477817] TCP: Hash tables configured (established 8192 bind 8192)
[    3.478723] UDP hash table entries: 512 (order: 2, 16384 bytes)
[    3.479538] UDP-Lite hash table entries: 512 (order: 2, 16384 bytes)
[    3.480425] NET: Registered protocol family 1
[    3.481098] pci 0000:00:00.0: Limiting direct PCI/PCI transfers
[    3.481943] pci 0000:00:01.0: Activating ISA DMA hang workarounds
[    3.482905] Unpacking initramfs...
[    5.081991] Freeing initrd memory: 10840K (ffff880036ac4000 - ffff88003755a000)
[    5.215368] RAPL PMU detected, API unit is 2^-32 Joules, 3 fixed counters 10737418240 ms ovfl timer
[    5.216675] hw unit of domain pp0-core 2^-0 Joules
[    5.224838] hw unit of domain package 2^-0 Joules
[    5.225536] hw unit of domain pp1-gpu 2^-0 Joules
[    5.226317] platform rtc_cmos: registered platform RTC device (no PNP device found)
[    5.227510] Scanning for low memory corruption every 60 seconds
[    5.228584] audit: initializing netlink subsys (disabled)
[    5.234855] audit: type=2000 audit(1504891623.534:1): initialized
[    5.235947] Initialise system trusted keyring
[    5.236680] HugeTLB registered 2 MB page size, pre-allocated 0 pages
[    5.238743] zbud: loaded
[    5.239395] VFS: Disk quotas dquot_6.6.0
[    5.240044] VFS: Dquot-cache hash table entries: 512 (order 0, 4096 bytes)
[    5.241190] squashfs: version 4.0 (2009/01/31) Phillip Lougher
[    5.275030] fuse init (API version 7.23)
[    5.280031] Key type big_key registered
[    5.280661] Allocating IMAMMKK and blacklist keyrings.
[    5.394990] Key type asymmetric registered
[    5.395637] Asymmetric key parser 'x509' registered
[    5.396393] Block layer SCSI generic (bsg) driver version 0.4 loaded (major 249)
[    5.445001] io scheduler noop registered
[    5.594685] io scheduler deadline registered (default)
[    5.635603] io scheduler cfq registered
[    5.636743] pci_hotplug: PCI Hot Plug PCI Core version: 0.5
[    5.675224] pciehp: PCI Express Hot Plug Controller Driver version: 0.4
[    5.705530] ACPI: AC Adapter [AC] (on-line)
[    5.706415] input: Power Button as /devices/LNXSYSTM:00/LNXPWRBN:00/input/input0
[    5.707797] ACPI: Power Button [PWRF]
[    5.708554] input: Sleep Button as /devices/LNXSYSTM:00/LNXSLPBN:00/input/input1
[    5.714035] ACPI: Sleep Button [SLPF]
[    5.715344] ACPI: Battery Slot [BAT0] (battery present)
[    5.716318] GHES: HEST is not enabled!
[    5.717186] Serial: 8250/16550 driver, 32 ports, IRQ sharing enabled
[    5.739664] 00:02: ttyS0 at I/O 0x3f8 (irq = 4, base_baud = 115200) is a 16550A
[    5.742048] Linux agpgart interface v0.103
[    5.743704] loop: module loaded
[    5.744799] scsi host0: ata_piix
[    5.745552] scsi host1: ata_piix
[    5.746267] ata1: PATA max UDMA/33 cmd 0x1f0 ctl 0x3f6 bmdma 0xd000 irq 14
[    5.747442] ata2: PATA max UDMA/33 cmd 0x170 ctl 0x376 bmdma 0xd008 irq 15
[    5.748876] libphy: Fixed MDIO Bus: probed
[    5.749664] tun: Universal TUN/TAP device driver, 1.6
[    5.750614] tun: (C) 1999-2004 Max Krasnyansky <maxk@qualcomm.com>
[    5.751951] PPP generic driver version 2.4.2
[    5.752804] ehci_hcd: USB 2.0 'Enhanced' Host Controller (EHCI) Driver
[    5.764990] ehci-pci: EHCI PCI platform driver
[    5.765841] ehci-platform: EHCI generic platform driver
[    5.766787] ohci_hcd: USB 1.1 'Open' Host Controller (OHCI) Driver
[    5.767860] ohci-pci: OHCI PCI platform driver
[    5.768685] ohci-platform: OHCI generic platform driver
[    5.770343] uhci_hcd: USB Universal Host Controller Interface driver
[    5.772266] i8042: PNP: PS/2 Controller [PNP0303:PS2K,PNP0f03:PS2M] at 0x60,0x64 irq 1,12
[    5.774436] serio: i8042 KBD port at 0x60,0x64 irq 1
[    5.775365] serio: i8042 AUX port at 0x60,0x64 irq 12
[    5.776395] mousedev: PS/2 mouse device common for all mice
[    5.777641] input: AT Translated Set 2 keyboard as /devices/platform/i8042/serio0/input/input2
[    5.779536] rtc_cmos rtc_cmos: rtc core: registered rtc_cmos as rtc0
[    5.780675] rtc_cmos rtc_cmos: alarms up to one day, 114 bytes nvram
[    5.785296] i2c /dev entries driver
[    5.786069] device-mapper: uevent: version 1.0.3
[    5.787017] device-mapper: ioctl: 4.34.0-ioctl (2015-10-28) initialised: dm-devel@redhat.com
[    5.788599] ledtrig-cpu: registered to indicate activity on CPUs
[    5.789899] NET: Registered protocol family 10
[    5.790895] NET: Registered protocol family 17
[    5.791744] Key type dns_resolver registered
[    5.792685] microcode: CPU0 sig=0x206a7, pf=0x10, revision=0x0
[    5.925053] microcode: Microcode Update Driver: v2.01 <tigran@aivazian.fsnet.co.uk>, Peter Oruba
[    5.969961] registered taskstats version 1
[    5.970621] Loading compiled-in X.509 certificates
[    5.972030] Loaded X.509 cert 'Build time autogenerated kernel key: a6f98c496ad22cf23b77f8fe21ff88c41791cbd4'
[    5.973463] zswap: loaded using pool lzo/zbud
[    5.975439] Key type trusted registered
[    5.978162] Key type encrypted registered
[    5.978805] AppArmor: AppArmor sha1 policy hashing enabled
[    5.979640] ima: No TPM chip found, activating TPM-bypass!
[    5.980521] evm: HMAC attrs: 0x1
[    5.981319]   Magic number: 1:796:440
[    5.981954] clockevents broadcast: hash matches
[    5.982676] rtc_cmos rtc_cmos: setting system clock to 2017-09-08 17:27:03 UTC (1504891623)
[    5.983962] BIOS EDD facility v0.16 2004-Jun-25, 0 devices found
[    5.984791] EDD information not available.
[    5.986780] Freeing unused kernel memory: 1492K (ffffffff81f45000 - ffffffff820ba000)
[    5.987962] Write protecting the kernel read-only data: 14336k
[    5.989199] Freeing unused kernel memory: 1748K (ffff88000184b000 - ffff880001a00000)
[    6.065175] Freeing unused kernel memory: 112K (ffff880001de4000 - ffff880001e00000)
[    6.314996] tsc: Refined TSC clocksource calibration: 2791.165 MHz
[    6.524723] clocksource: tsc: mask: 0xffffffffffffffff max_cycles: 0x283ba6a0c67, max_idle_ns: 440795230334 ns
Loading, please wait...
starting version[    6.604707] random: udevadm: uninitialized urandom read (16 bytes read, 2 bits of entropy available)
 229
[    6.606580] random: systemd-udevd: uninitialized urandom read (16 bytes read, 2 bits of entropy available)
[    6.608038] random: systemd-udevd: uninitialized urandom read (16 bytes read, 2 bits of entropy available)
[    6.609445] random: systemd-udevd: uninitialized urandom read (16 bytes read, 2 bits of entropy available)
[    6.610905] random: systemd-udevd: uninitialized urandom read (16 bytes read, 2 bits of entropy available)
[    6.613005] random: udevadm: uninitialized urandom read (16 bytes read, 2 bits of entropy available)
[    6.614486] random: udevadm: uninitialized urandom read (16 bytes read, 2 bits of entropy available)
[    6.615864] random: udevadm: uninitialized urandom read (16 bytes read, 2 bits of entropy available)
[    6.617243] random: udevadm: uninitialized urandom read (16 bytes read, 2 bits of entropy available)
[    6.618661] random: udevadm: uninitialized urandom read (16 bytes read, 2 bits of entropy available)
[    6.652725] e1000: Intel(R) PRO/1000 Network Driver - version 7.3.21-k8-NAPI
[    6.705289] e1000: Copyright (c) 1999-2006 Intel Corporation.
[    6.759764] Fusion MPT base driver 3.04.20
[    6.854686] Copyright (c) 1999-2008 LSI Corporation
[    6.945043] AVX version of gcm_enc/dec engaged.
[    7.074714] AES CTR mode by8 optimization enabled
[    7.226079] input: ImExPS/2 Generic Explorer Mouse as /devices/platform/i8042/serio1/input/input4
[    7.362848] Fusion MPT SPI Host driver 3.04.20
[    7.802296] e1000 0000:00:03.0 eth0: (PCI:33MHz:32-bit) 02:04:e4:df:e4:d8
[    7.845247] e1000 0000:00:03.0 eth0: Intel(R) PRO/1000 Network Connection
[    7.846690] mptbase: ioc0: Initiating bringup
[    7.910380] ioc0: LSI53C1030 A0: Capabilities={Initiator}
[    8.201187] scsi host2: ioc0: LSI53C1030 A0, FwRev=00000000h, Ports=1, MaxQ=256, IRQ=20
[    8.360047] scsi 2:0:0:0: Direct-Access     VBOX     HARDDISK         1.0  PQ: 0 ANSI: 5
[    8.375927] scsi target2:0:0: Beginning Domain Validation
[    8.377548] scsi target2:0:0: Domain Validation skipping write tests
[    8.378690] scsi target2:0:0: Ending Domain Validation
[    8.675829] scsi target2:0:0: asynchronous
[    8.768369] scsi 2:0:1:0: Direct-Access     VBOX     HARDDISK         1.0  PQ: 0 ANSI: 5
[    8.883436] scsi target2:0:1: Beginning Domain Validation
[    8.934232] scsi target2:0:1: Domain Validation skipping write tests
[    8.945241] scsi target2:0:1: Ending Domain Validation
[    8.946063] scsi target2:0:1: asynchronous
[    8.949876] sd 2:0:0:0: Attached scsi generic sg0 type 0
[    8.965132] sd 2:0:0:0: [sda] 20971520 512-byte logical blocks: (10.7 GB/10.0 GiB)
[    8.977630] sd 2:0:0:0: [sda] Write Protect is off
[    9.125152] e1000 0000:00:08.0 eth1: (PCI:33MHz:32-bit) 08:00:27:a7:4e:24
[    9.126088] e1000 0000:00:08.0 eth1: Intel(R) PRO/1000 Network Connection
[    9.127775] e1000 0000:00:08.0 enp0s8: renamed from eth1
[    9.129824] e1000 0000:00:03.0 enp0s3: renamed from eth0
[    9.225306] sd 2:0:1:0: [sdb] 20480 512-byte logical blocks: (10.5 MB/10.0 MiB)
[    9.226621] sd 2:0:1:0: [sdb] Write Protect is off
[    9.227414] sd 2:0:1:0: [sdb] Incomplete mode parameter data
[    9.228206] sd 2:0:1:0: [sdb] Assuming drive cache: write through
[    9.229110] sd 2:0:1:0: Attached scsi generic sg1 type 0
[    9.231665] sd 2:0:1:0: [sdb] Attached SCSI disk
[    9.235735] sd 2:0:0:0: [sda] Incomplete mode parameter data
[    9.236529] sd 2:0:0:0: [sda] Assuming drive cache: write through
[    9.238254]  sda: sda1
[    9.239234] sd 2:0:0:0: [sda] Attached SCSI disk
[   10.357920] floppy0: no floppy controllers found
Begin: Loading e[   11.696378] md: linear personality registered for level -1
ssential drivers ... [   11.838371] md: multipath personality registered for level -4
[   11.888079] md: raid0 personality registered for level 0
[   11.918699] md: raid1 personality registered for level 1
[   12.044409] raid6: sse2x1   gen()  9892 MB/s
[   12.144435] raid6: sse2x1   xor()  6766 MB/s
[   12.264378] raid6: sse2x2   gen() 12443 MB/s
[   12.374378] raid6: sse2x2   xor()  9036 MB/s
[   12.564472] raid6: sse2x4   gen() 13834 MB/s
[   12.674371] raid6: sse2x4   xor()  9292 MB/s
[   12.705005] raid6: using algorithm sse2x4 gen() 13834 MB/s
[   12.705778] raid6: .... xor() 9292 MB/s, rmw enabled
[   12.706520] raid6: using ssse3x2 recovery algorithm
[   12.709347] xor: automatically using best checksumming function:
[   12.824390]    avx       : 47619.000 MB/sec
[   12.906881] async_tx: api initialized (async)
[   12.967121] md: raid6 personality registered for level 6
[   13.015090] md: raid5 personality registered for level 5
[   13.015842] md: raid4 personality registered for level 4
[   13.022013] md: raid10 personality registered for level 10
done.
Begin: Running /scripts/init-premount ... done.
Begin: Mounting root file system ... Begin: Running /scripts/local-top ... done.
Begin: Running[   13.097085] Btrfs loaded
 /scripts/local-premount ... Scanning for Btrfs filesystems
done.
Warning: fsck no[   13.233034] EXT4-fs (sda1): INFO: recovery required on readonly filesystem
t present, so skipping root file system
[   13.265662] EXT4-fs (sda1): write access will be enabled during recovery
[   13.377002] EXT4-fs (sda1): recovery complete
[   13.395100] EXT4-fs (sda1): mounted filesystem with ordered data mode. Opts: (null)
done.
Begin: Running /scripts/local-bottom ... done.
Begin: Running /scripts/init-bottom ... done.
[   13.548266] systemd[1]: systemd 229 running in system mode. (+PAM +AUDIT +SELINUX +IMA +APPARMOR +SMACK +SYSVINIT +UTMP +LIBCRYPTSETUP +GCRYPT +GNUTLS +ACL +XZ -LZ4 +SECCOMP +BLKID +ELFUTILS +KMOD -IDN)
[   13.756139] systemd[1]: Detected virtualization oracle.
[   13.756894] systemd[1]: Detected architecture x86-64.

Welcome to [1mUbuntu 16.04.3 LTS[0m!

[   13.761780] systemd[1]: Set hostname to <ubuntu-xenial>.
[   13.925230] systemd[1]: Listening on LVM2 metadata daemon socket.
[[0;32m  OK  [0m] Listening on LVM2 metadata daemon socket.
[   14.056228] systemd[1]: Set up automount Arbitrary Executable File Formats File System Automount Point.
[[0;32m  OK  [0m] Set up automount Arbitrary Executab...ats File System Automount Point.
[   14.060970] systemd[1]: Reached target Swap.
[[0;32m  OK  [0m] Reached target Swap.
[   14.063021] systemd[1]: Listening on /dev/initctl Compatibility Named Pipe.
[[0;32m  OK  [0m] Listening on /dev/initctl Compatibility Named Pipe.
[   14.066020] systemd[1]: Created slice System Slice.
[[0;32m  OK  [0m] Created slice System Slice.
[   14.069099] systemd[1]: Listening on Journal Audit Socket.
[[0;32m  OK  [0m] Listening on Journal Audit Socket.
[   14.071434] systemd[1]: Listening on udev Kernel Socket.
[[0;32m  OK  [0m] Listening on udev Kernel Socket.
[   14.073500] systemd[1]: Reached target Encrypted Volumes.
[[0;32m  OK  [0m] Reached target Encrypted Volumes.
[   14.075272] systemd[1]: Listening on Journal Socket.
[[0;32m  OK  [0m] Listening on Journal Socket.
[   14.078330] systemd[1]: Mounting POSIX Message Queue File System...
         Mounting POSIX Message Queue File System...
[   14.255012] systemd[1]: Starting Set console keymap...
         Starting Set console keymap...
[   14.337723] systemd[1]: Listening on Device-mapper event daemon FIFOs.
[[0;32m  OK  [0m] Listening on Device-mapper event daemon FIFOs.
[   14.367507] systemd[1]: Listening on LVM2 poll daemon socket.
[[0;32m  OK  [0m] Listening on LVM2 poll daemon socket.
[   14.369763] systemd[1]: Started Trigger resolvconf update for networkd DNS.
[[0;32m  OK  [0m] Started Trigger resolvconf update for networkd DNS.
[   14.372880] systemd[1]: Starting Nameserver information manager...
         Starting Nameserver information manager...
[   14.399270] systemd[1]: Starting Create list of required static device nodes for the current kernel...
         Starting Create list of required st... nodes for the current kernel...
[   14.408017] systemd[1]: Listening on Syslog Socket.
[[0;32m  OK  [0m] Listening on Syslog Socket.
[   14.410738] systemd[1]: Created slice system-serial\x2dgetty.slice.
[[0;32m  OK  [0m] Created slice system-serial\x2dgetty.slice.
[   14.414242] systemd[1]: Mounting Huge Pages File System...
         Mounting Huge Pages File System...
[   14.423920] systemd[1]: Reached target User and Group Name Lookups.
[[0;32m  OK  [0m] Reached target User and Group Name Lookups.
[   14.428295] systemd[1]: Starting Load Kernel Modules...
         Starting Load Kernel Modules...
[   14.434433] systemd[1]: Listening on Journal Socket (/dev/log).
[[0;32m  OK  [0m] Listening on Journal Socket (/dev/log).
[   14.437491] systemd[1]: Starting Journal Service...
         Starting Journal Service...
[   14.450332] systemd[1]: Mounting Debug File System...
[   14.517608] Loading iSCSI transport class v2.0-870.
         Mounting Debug File System...
[   14.609450] systemd[1]: Starting Remount Root and Kernel File Systems...
         [   14.647370] iscsi: registered transport (tcp)
Starting Remount Root and Kernel File Systems...
[   14.686203] systemd[1]: Starting Monitoring of LVM2 mirrors, snapshots etc. using dmeventd or progress polling...
[   14.835048] EXT4-fs (sda1): re-mounted. Opts: (null)
         Starting Monitoring of LVM2 mirrors... dmeventd or progress poll[   15.002329] iscsi: registered transport (iser)
ing...
[   15.149865] systemd[1]: Started Forward Password Requests to Wall Directory Watch.
[[0;32m  OK  [0m] Started Forward Password Requests to Wall Directory Watch.
[   15.309432] systemd[1]: Listening on udev Control Socket.
[[0;32m  OK  [0m] Listening on udev Control Socket.
[   15.366712] systemd[1]: Starting Uncomplicated firewall...
[   15.377294] random: nonblocking pool is initialized
         Starting Uncomplicated firewall...
[   15.428137] systemd[1]: Created slice User and Session Slice.
[[0;32m  OK  [0m] Created slice User and Session Slice.
[   15.526217] systemd[1]: Reached target Slices.
[[0;32m  OK  [0m] Reached target Slices.
[   15.763115] systemd[1]: Mounted Huge Pages File System.
[[0;32m  OK  [0m] Mounted Huge Pages File System.
[   15.806109] systemd[1]: Mounted POSIX Message Queue File System.
[[0;32m  OK  [0m] Mounted POSIX Message Queue File System.
[   15.936190] systemd[1]: Mounted Debug File System.
[[0;32m  OK  [0m] Mounted Debug File System.
[   15.938006] systemd[1]: Started Journal Service.
[[0;32m  OK  [0m] Started Journal Service.
[[0;32m  OK  [0m] Started Set console keymap.
[[0;32m  OK  [0m] Started Create list of required sta...ce nodes for the current kernel.
[[0;32m  OK  [0m] Started Load Kernel Modules.
[[0;32m  OK  [0m] Started Remount Root and Kernel File Systems.
[[0;32m  OK  [0m] Started Uncomplicated firewall.
[[0;32m  OK  [0m] Started Nameserver information manager.
[[0;32m  OK  [0m] Started LVM2 metadata daemon.
         Starting Initial cloud-init job (pre-networking)...
         Starting Load/Save Random Seed...
         Starting udev Coldplug all Devices...
         Starting Apply Kernel Variables...
         Mounting FUSE Control File System...
         Starting Create Static Device Nodes in /dev...
         Starting Flush Journal to Persistent Storage...
[[0;32m  OK  [0m] Mounted FUSE Control File System.
[[0;32m  OK  [0m] Started Load/Save Random Seed.
[[0;32m  OK  [0m] Started Apply Kernel Variables.
[[0;32m  OK  [0m] Started Create Static Device Nodes in /dev.
[[0;32m  OK  [0m] Started Flush Journal to Persistent Storage.
         Starting udev Kernel Device Manager...
[[0;32m  OK  [0m] Started udev Coldplug all Devices.
[[0;32m  OK  [0m] Started udev Kernel Device Manager.
[[0;32m  OK  [0m] Started Dispatch Password Requests to Console Directory Watch.
[[0;32m  OK  [0m] Started Monitoring of LVM2 mirrors,...ng dmeventd or progress polling.
[[0;32m  OK  [0m] Reached target Local File Systems (Pre).
[[0;32m  OK  [0m] Reached target Local File Systems.
         Starting Tell Plymouth To Write Out Runtime Data...
         Starting Set console font and keymap...
         Starting LSB: AppArmor initialization...
         Starting Create Volatile Files and Directories...
[[0;32m  OK  [0m] Started Tell Plymouth To Write Out Runtime Data.
[[0;32m  OK  [0m] Started Create Volatile Files and Directories.
         Starting Update UTMP about System Boot/Shutdown...
[[0;32m  OK  [0m] Reached target System Time Synchronized.
[[0;32m  OK  [0m] Started Update UTMP about System Boot/Shutdown.
[[0;32m  OK  [0m] Started LSB: AppArmor initialization.
[[0;32m  OK  [0m] Found device /dev/ttyS0.
[[0;32m  OK  [0m] Found device 82540EM Gigabit Ethern...r (PRO/1000 MT Desktop Adapter).
[[0;32m  OK  [0m] Found device 82540EM Gigabit Ethern...r (PRO/1000 MT Desktop Adapter).
[[0;32m  OK  [0m] Started Set console font and keymap.
[[0;32m  OK  [0m] Listening on Load/Save RF Kill Switch Status /dev/rfkill Watch.
[[0;32m  OK  [0m] Created slice system-getty.slice.
[   14.663011] cloud-init[450]: Cloud-init v. 0.7.9 running 'init-local' at Fri, 08 Sep 2017 17:27:14 +0000. Up 14.22 seconds.
[[0;32m  OK  [0m] Started Initial cloud-init job (pre-networking).
[[0;32m  OK  [0m] Reached target Network (Pre).
[[0;32m  OK  [0m] Started ifup for enp0s3.
         Starting Raise network interfaces...
[[0;32m  OK  [0m] Started ifup for enp0s8.
[[0;32m  OK  [0m] Started Raise network interfaces.
[[0;32m  OK  [0m] Reached target Network.
         Starting Initial cloud-init job (metadata service crawler)...
[   17.360639] cloud-init[1059]: Cloud-init v. 0.7.9 running 'init' at Fri, 08 Sep 2017 17:27:17 +0000. Up 17.03 seconds.
[   17.456542] cloud-init[1059]: ci-info: ++++++++++++++++++++++++++++++++++++++Net device info++++++++++++++++++++++++++++++++++++++
[[0;32m  OK  [0m[   17.463982] cloud-init[1059]: ci-info: +--------+------+-----------------------------+---------------+-------+-------------------+
[   17.467854] ] Started Initial cloud-init job (metadata service crawler).
[[0;32m  OK  [0m] Reached target Cloud-config availability.
[[0;32m  OK  [0m] Reached target Network is Online.
cloud-init[1059]: ci-info: | Device |  Up  |           Address           |      Mask     | Scope |     Hw-Address    |
[   17.490795] cloud-init[1059]: ci-info: +--------+------+-----------------------------+---------------+-------+-------------------+
         Starting iSCSI initiator daemon (iscsid)...
[   17.514292] cloud-init[1059]: ci-info: | enp0s3 | True |          10.0.2.15          | 255.255.255.0 |   .   | 02:04:e4:df:e4:d8 |
[   17.518847] cloud-init[1059]: ci-info: | enp0s3 | True |  fe80::4:e4ff:fedf:e4d8/64  |       .       |  link | 02:04:e4:df:e4:d8 |
[   17.519491] cloud-init[1059]: ci-info: |   lo   | True |          127.0.0.1          |   255.0.0.0   |   .   |         .         |
[   17.519584] cloud-init[1059]: ci-info: |   lo   | True |           ::1/128           |       .       |  host |         .         |
[   17.519651] cloud-init[1059]: ci-info: | enp0s8 | True |        192.168.100.10       | 255.255.255.0 |   .   | 08:00:27:a7:4e:24 |
[   17.519716] cloud-init[1059]: ci-info: | enp0s8 | True | fe80::a00:27ff:fea7:4e24/64 |       .       |  link | 08:00:27:a7:4e:24 |
[   17.519786] cloud-init[1059]: ci-info: +--------+------+-----------------------------+---------------+-------+-------------------+
[   17.519853] cloud-init[1059]: ci-info: ++++++++++++++++++++++++++++Route IPv4 info+++++++++++++++++++++++++++++
[   17.519923] cloud-init[1059]: ci-info: +-------+---------------+----------+---------------+-----------+-------+
[   17.520030] cloud-init[1059]: ci-info: | Route |  Destination  | Gateway  |    Genmask    | Interface | Flags |
[   17.520099] cloud-init[1059]: ci-info: +-------+---------------+----------+---------------+-----------+-------+
[   17.520164] cloud-init[1059]: ci-info: |   0   |    0.0.0.0    | 10.0.2.2 |    0.0.0.0    |   enp0s3  |   UG  |
[   17.520231] cloud-init[1059]: ci-info: |   1   |    10.0.2.0   | 0.0.0.0  | 255.255.255.0 |   enp0s3  |   U   |
[   17.520295] cloud-init[1059]: ci-info: |   2   | 192.168.100.0 | 0.0.0.0  | 255.255.255.0 |   enp0s8  |   U   |
[   17.520359] cloud-init[1059]: ci-info: +-------+---------------+----------+---------------+-----------+-------+
[[0;32m  OK  [0m] Reached target System Initialization.
         Starting Socket activation for snappy daemon.
[[0;32m  OK  [0m] Listening on D-Bus System Message Bus Socket.
[[0;32m  OK  [0m] Started Timer to automatically refresh installed snaps.
[[0;32m  OK  [0m] Started Daily Cleanup of Temporary Directories.
[[0;32m  OK  [0m] Started ACPI Events Check.
[[0;32m  OK  [0m] Reached target Paths.
[[0;32m  OK  [0m] Listening on UUID daemon activation socket.
[[0;32m  OK  [0m] Started Daily apt download activities.
[[0;32m  OK  [0m] Started Daily apt upgrade and clean activities.
[[0;32m  OK  [0m] Reached target Timers.
         Starting LXD - unix socket.
[[0;32m  OK  [0m] Listening on ACPID Listen Socket.
[[0;32m  OK  [0m] Listening on Socket activation for snappy daemon.
[[0;32m  OK  [0m] Listening on LXD - unix socket.
[[0;32m  OK  [0m] Started iSCSI initiator daemon (iscsid).
         Starting Login to default iSCSI targets...
[[0;32m  OK  [0m] Reached target Sockets.
[[0;32m  OK  [0m] Reached target Basic System.
         Starting /etc/rc.local Compatibility...
         Starting LSB: Record successful boot for GRUB...
[[0;32m  OK  [0m] Started Unattended Upgrades Shutdown.
[[0;32m  OK  [0m] Started Regular background program processing daemon.
         Starting OpenBSD Secure Shell server...
         Starting Login Service...
         Starting Accounts Service...
[[0;32m  OK  [0m] Started FUSE filesystem for LXC.
         Starting System Logging Service...
         Starting LXD - container startup/shutdown...
         Starting LSB: MD monitoring daemon...
[[0;32m  OK  [0m] Started Deferred execution scheduler.
[[0;32m  OK  [0m] Started ACPI event daemon.
[[0;32m  OK  [0m] Started D-Bus System Message Bus.
         Starting Apply the settings specified in cloud-config...
[[0;32m  OK  [0m] Started Snappy daemon.
         Starting Auto import assertions from block devices...
[[0;32m  OK  [0m] Started System Logging Service.
[[0;32m  OK  [0m] Started OpenBSD Secure Shell server.
[[0;32m  OK  [0m] Started /etc/rc.local Compatibility.
[[0;32m  OK  [0m] Started LXD - container startup/shutdown.
[[0;32m  OK  [0m] Started Auto import assertions from block devices.
[[0;32m  OK  [0m] Started Login to default iSCSI targets.
[[0;32m  OK  [0m] Started LSB: Record successful boot for GRUB.
[[0;32m  OK  [0m] Started LSB: MD monitoring daemon.
[[0;32m  OK  [0m] Started Login Service.
         Starting Authenticate and Authorize Users to Run Privileged Tasks...
[[0;32m  OK  [0m] Reached target Remote File Systems (Pre).
[[0;32m  OK  [0m] Reached target Remote File Systems.
         Starting LSB: daemon to balance interrupts for SMP systems...
         Starting Permit User Sessions...
         Starting LSB: automatic crash report generation...
         Starting LSB: VirtualBox Linux Additions...
         Starting LSB: Set the CPU Frequency Scaling governor to "ondemand"...
[[0;32m  OK  [0m[   18.824453] cloud-init[1179]: Cloud-init v. 0.7.9 running 'modules:config' at Fri, 08 Sep 2017 17:27:19 +0000. Up 18.63 seconds.
] Started Apply the settings specified in cloud-config.
[[0;32m  OK  [0m] Started Permit User Sessions.
[[0;32m  OK  [0m] Started Authenticate and Authorize Users to Run Privileged Tasks.
[[0;32m  OK  [0m] Started Accounts Service.
[[0;32m  OK  [0m] Started LSB: daemon to balance interrupts for SMP systems.
[[0;32m  OK  [0m] Started LSB: automatic crash report generation.
[[0;32m  OK  [0m] Created slice User Slice of ubuntu.
[[0;32m  OK  [0m] Started Session 1 of user ubuntu.
         Starting User Manager for UID 1000...
         Starting Terminate Plymouth Boot Screen...
         Starting Hold until boot process finishes up...
[[0;32m  OK  [0m] Started LSB: Set the CPU Frequency Scaling governor to "ondemand".
[[0;32m  OK  [0m] Started Terminate Plymouth Boot Screen.
[[0;32m  OK  [0m] Started LSB: VirtualBox Linux Additions.
[[0;32m  OK  [0m] Started Hold until boot process finishes up.
[[0;32m  OK  [0m] Started User Manager for UID 1000.
[[0;32m  OK  [0m] Started Getty on tty1.
[[0;32m  OK  [0m] Started Serial Getty on ttyS0.
[[0;32m  OK  [0m] Reached target Login Prompts.
         Starting Set console scheme...
[[0;32m  OK  [0m] Reached target Multi-User System.
         Starting Execute cloud user/final scripts...
[[0;32m  OK  [0m] Reached target Graphical Interface.
         Starting Update UTMP about System Runlevel Changes...
[[0;32m  OK  [0m] Started Set console scheme.
[[0;32m  OK  [0m] Started Update UTMP about System Runlevel Changes.
[   20.041999] cloud-init[1326]: Cloud-init v. 0.7.9 running 'modules:final' at Fri, 08 Sep 2017 17:27:20 +0000. Up 19.78 seconds.
[   20.433897] cloud-init[1326]: Cloud-init v. 0.7.9 finished at Fri, 08 Sep 2017 17:27:20 +0000. Datasource DataSourceNoCloud [seed=/dev/sdb][dsmode=net].  Up 20.02 seconds
[[0;32m  OK  [0m] Started Execute cloud user/final scripts.
[[0;32m  OK  [0m] Reached target Cloud-init target.
         Starting Daily apt download activities...

Ubuntu 16.04.3 LTS ubuntu-xenial ttyS0

ubuntu-xenial login: 