[    0.000000] Initializing cgroup subsys cpuset
[    0.000000] Initializing cgroup subsys cpu
[    0.000000] Initializing cgroup subsys cpuacct
[    0.000000] Linux version 4.4.0-96-generic (buildd@lgw01-10) (gcc version 5.4.0 20160609 (Ubuntu 5.4.0-6ubuntu1~16.04.4) ) #119-Ubuntu SMP Tue Sep 12 14:59:54 UTC 2017 (Ubuntu 4.4.0-96.119-generic 4.4.83)
[    0.000000] Command line: BOOT_IMAGE=bboot/vmlinuz-4.4.0-96-generic root=LABEL=cloudimg-rootfs ro console=tty1 console=ttyS0
[    0.000000] KERNEL supported cpus:
[    0.000000]   Intel GenuineIntel
[    0.000000]   AMD AuthenticAMD
[    0.000000]   Centaur CentaurHauls
[    0.000000] x86/fpu: xstate_offset[2]:  576, xstate_sizes[2]:  256
[    0.000000] x86/fpu: Supporting XSAVE feature 0x01: 'x87 floating point registers'
[    0.000000] x86/fpu: Supporting XSAVE feature 0x02: 'SSE registers'
[    0.000000] x86/fpu: Supporting XSAVE feature 0x04: 'AVX registers'
[    0.000000] x86/fpu: Enabled xstate features 0x7, context size is 832 bytes, using 'standard' format.
[    0.000000] x86/fpu: Using 'lazy' FPU context switches.
[    0.000000] e820: BIOS-provided physical RAM map:
[    0.000000] BIOS-e820: [mem 0x0000000000000000-0x000000000009fbff] usable
[    0.000000] BIOS-e820: [mem 0x000000000009fc00-0x000000000009ffff] reserved
[    0.000000] BIOS-e820: [mem 0x00000000000f0000-0x00000000000fffff] reserved
[    0.000000] BIOS-e820: [mem 0x0000000000100000-0x000000003ffeffff] usable
[    0.000000] BIOS-e820: [mem 0x000000003fff0000-0x000000003fffffff] ACPI data
[    0.000000] BIOS-e820: [mem 0x00000000fec00000-0x00000000fec00fff] reserved
[    0.000000] BIOS-e820: [mem 0x00000000fee00000-0x00000000fee00fff] reserved
[    0.000000] BIOS-e820: [mem 0x00000000fffc0000-0x00000000ffffffff] reserved
[    0.000000] NX (Execute Disable) protection: active
[    0.000000] SMBIOS 2.5 present.
[    0.000000] Hypervisor detected: KVM
[    0.000000] e820: last_pfn = 0x3fff0 max_arch_pfn = 0x400000000
[    0.000000] MTRR: Disabled
[    0.000000] x86/PAT: MTRRs disabled, skipping PAT initialization too.
[    0.000000] CPU MTRRs all blank - virtualized system.
[    0.000000] x86/PAT: Configuration [0-7]: WB  WT  UC- UC  WB  WT  UC- UC  
[    0.000000] found SMP MP-table at [mem 0x0009fff0-0x0009ffff] mapped at [ffff88000009fff0]
[    0.000000] Scanning 1 areas for low memory corruption
[    0.000000] RAMDISK: [mem 0x36adc000-0x37565fff]
[    0.000000] ACPI: Early table checksum verification disabled
[    0.000000] ACPI: RSDP 0x00000000000E0000 000024 (v02 VBOX  )
[    0.000000] ACPI: XSDT 0x000000003FFF0030 00003C (v01 VBOX   VBOXXSDT 00000001 ASL  00000061)
[    0.000000] ACPI: FACP 0x000000003FFF00F0 0000F4 (v04 VBOX   VBOXFACP 00000001 ASL  00000061)
[    0.000000] ACPI: DSDT 0x000000003FFF0470 0021C8 (v02 VBOX   VBOXBIOS 00000002 INTL 20160831)
[    0.000000] ACPI: FACS 0x000000003FFF0200 000040
[    0.000000] ACPI: FACS 0x000000003FFF0200 000040
[    0.000000] ACPI: APIC 0x000000003FFF0240 000054 (v02 VBOX   VBOXAPIC 00000001 ASL  00000061)
[    0.000000] ACPI: SSDT 0x000000003FFF02A0 0001CC (v01 VBOX   VBOXCPUT 00000002 INTL 20160831)
[    0.000000] No NUMA configuration found
[    0.000000] Faking a node at [mem 0x0000000000000000-0x000000003ffeffff]
[    0.000000] NODE_DATA(0) allocated [mem 0x3ffeb000-0x3ffeffff]
[    0.000000] kvm-clock: Using msrs 4b564d01 and 4b564d00
[    0.000000] kvm-clock: cpu 0, msr 0:3ffe3001, primary cpu clock
[    0.000000] kvm-clock: using sched offset of 3040328304 cycles
[    0.000000] clocksource: kvm-clock: mask: 0xffffffffffffffff max_cycles: 0x1cd42e4dffb, max_idle_ns: 881590591483 ns
[    0.000000] Zone ranges:
[    0.000000]   DMA      [mem 0x0000000000001000-0x0000000000ffffff]
[    0.000000]   DMA32    [mem 0x0000000001000000-0x000000003ffeffff]
[    0.000000]   Normal   empty
[    0.000000]   Device   empty
[    0.000000] Movable zone start for each node
[    0.000000] Early memrry node aagges
[   00.00000  nndd    : mmmm00000000000001100--x0000000009eff]]

[   00000000    ooee  ::[[ee  x0000000001000000000000000ffeeffff
[   ..000000] nnttee sttppnndd 0[[ee  xx00000000001000000000000003ffffff]
[    0.000000  CCII  M-Tiee  OOPPrt: 0x0088

[   00000000]]IOPPCC00::apccii  1, version 32, address 0xfec00000, GSI 0-23
[    ..00000]AAPP::IIT_RR__VV  bbs 0 bus_irq 0 global_irq   ff  ff))
[    0000000]]ACII  NN__RCOORR((bus 0 bus_irq 9 global_irq 9 high level)
[    ..0000]]UUiiggAAPI((AATT  orSSPPccnnigrrttoo  nnoomaiinn

    ..000000 sppoott  llooiigg11CCUU,   ooppuu CUU
[   0000000]]PM  eeiittrrddnosave memory: [me  xx0000000000000000fff]
[   0000000]]PM  eeiittre  ooaaeemeooyy  mmm xx0099000-xx0099fff]

[   00000000]]PM: eeiittrrddnnsave memrr::[[ee  xx000000--xx00fffff]

    0.000000  PM  eeiittre  ooaaeemmmory: mmmm 0x000f000000x000fffff]

    00000000  880:[[ee  xx0000000-0xfebfffff] avaiaall  oo  CIddvvccss
[   00000000]]Bottnn  aaavrruullzzd kennlloo  VV
[   00000000] clccssuucc::reiiee--iifiss  aakk 0ffffffff max_cycles: xxffffffff, max_idle_ns: 7645519600211568 ns
[    0.000000] setup_percpu: NR_CPUS:512 nr_cpumask_bits:512 nr_cpu_ids:1 nr_node_ids:1
[    0.000000] PERCPU: Embedded 34 pages/cpu @ffff88003fc00000 s98328 r8192 d32744 u2097152
[    0.000000] PV qspinlock hash table entries: 256 (order: 0, 4096 bytes)
[    0.000000] Built 1 zonelists in Node order, mobility grouping on.  Total pages: 257913
[    0.000000] Policy zone: DMA32
[    0.000000] Kernel command line: BOOT_IMAGE=/boot/vmlinuz-4.4.0-96-generic root=LABEL=cloudimg-rootfs ro console=tty1 console=ttyS0
[    0.000000] PID hash table entries: 4096 (order: 3, 32768 bytes)
[    0.000000] Memory: 1001908K/1048120K available (8479K kernel code, 1294K rwdata, 3984K rodata, 1492K init, 1316K bss, 46212K reserved, 0K cma-reserved)
[    0.000000] SLUB: HWalign=64, Order=0-3, MinObjects=0, CPUs=1, Nodes=1
[    0.000000] Hierarchical RCU implementation.
[    0.000000] 	Build-time adjustment of leaf fanout to 64.
[    0.000000] 	RCU restricting CPUs from NR_CPUS=512 to nr_cpu_ids=1.
[    0.000000] RCU: Adjusting geometry for rcu_fanout_leaf=64, nr_cpu_ids=1
[    0.000000] NR_IRQS:33024 nr_irqs:256 16
[    0.000000] Console: colour VGA+ 80x25
[    0.000000] console [tty1] enabled
[    0.000000] console [ttyS0] enabled
[    0.000000] tsc: Detected 2790.930 MHz processor
[    5.845641] Calibrating delay loop (skipped) preset value.. 5581.86 BogoMIPS (lpj=11163720)
[    5.847415] pid_max: default: 32768 minimum: 301
[    5.848358] ACPI: Core revision 20150930
[    5.850143] ACPI: 2 ACPI AML tables successfully acquired and loaded
[    5.864685] Security Framework initialized
[    5.865589] Yama: becoming mindful.
[    5.874003] AppArmor: AppArmor initialized
[    5.875007] Dentry cache hash table entries: 131072 (order: 8, 1048576 bytes)
[    5.884972] Inode-cache hash table entries: 65536 (order: 7, 524288 bytes)
[   55.905245] Mount-cache hash table entries: 2048 (order: 2, 16384 bytes)
[    5.935039] Mountpoint-cache hash table entries: 2048 (order: 2, 16384 bytes)
[    5.936545] Initializing cgroup subsys io
[    5.937445] Initializing cgroup subsys memory
[    5.938374] Initializing cgroup subsys devices
[    5.939314] Initializing cgroup subsys freezer
[    5.940249] Initializing cgroup subsys net_cls
[    5.941213] Initializing cgroup subsys perf_event
[    5.942195] Initializing cgroup subsys net_prio
[    5.943144] Initializing cgroup subsys hugetlb
[    5.944099] Initializing cgroup subsys pids
[    5.945092] CPU: Physical Processor ID: 0
[    5.945970] mce: CPU supports 0 MCE banks
[    5.946857] process: using mwait in idle threads
[    5.947817] Last level iTLB entries: 4KB 512, 2MB 8, 4MB 8
[    5.948907] Last level dTLB entries: 4KB 512, 2MB 32, 4MB 32, 1GB 0
[    5.970388] Freeing SMP alternatives memory: 32K
[    5.992166] ftrace: allocating 32146 entries in 126 pages
[    6.036302] smpboot: APIC(0) Converting physical 0 to logical package 0
[    6.054066] smpboot: Max logical packages: 1
[    6.055215] x2apic enabled
[    6.056060] Switched APIC routing to physical x2apic.
[    6.058084] ..TIMER: vector=0x30 apic1=0 pin1=2 apic2=-1 pin2=-1
[    6.168742] smpboot: CPU0: Intel(R) Core(TM) i7-2640M CPU @ 2.80GHz (family: 0x6, model: 0x2a, stepping: 0x7)
[    6.181701] Performance Events: unsupported p6 CPU model 42 no PMU driver, software events only.
[    6.183660] KVM setup paravirtual spinlock
[    6.185132] x86: Booted up 1 node, 1 CPUs
[    6.192546] smpboot: Total of 1 processors activated (5581.86 BogoMIPS)
[    6.194088] devtmpfs: initialized
[    6.212069] evm: security.selinux
[    6.212818] evm: security.SMACK64
[    6.213585] evm: security.SMACK64EXEC
[    6.214389] evm: security.SMACK64TRANSMUTE
[    6.215264] evm: security.SMACK64MMAP
[    6.216065] evm: security.ima
[    6.216754] evm: security.capability
[    6.217699] clocksource: jiffies: mask: 0xffffffff max_cycles: 0xffffffff, max_idle_ns: 7645041785100000 ns
[    6.224961] futex hash table entries: 256 (order: 2, 16384 bytes)
[    6.226260] pinctrl core: initialized pinctrl subsystem
[    6.231990] RTC time: 14:12:48, date: 09/23/17
[    6.233032] NET: Registered protocol family 16
[    6.241023] cpuidle: using governor ladder
[    6.241932] cpuidle: using governor menu
[    6.244405] PCCT header not found.
[    6.245204] ACPI: bus type PCI registered
[    6.246092] acpiphp: ACPI Hot Plug PCI Controller Driver version: 0.5
[    6.252825] PCI: Using configuration type 1 for base access
[    6.261797] ACPI: Added _OSI(Module Device)
[    6.274611] ACPI: Added _OSI(Processor Device)
[    6.275530] ACPI: Added _OSI(3.0 _SCP Extensions)
[    6.276482] ACPI: Added _OSI(Processor Aggregator Device)
[    6.278113] ACPI: Executed 1 blocks of module-level executable AML code
[    6.285370] ACPI: Interpreter enabled
[    6.292169] ACPI: (supports S0 S5)
[    6.292931] ACPI: Using IOAPIC for interrupt routing
[    6.294118] PCI: Using host bridge windows from ACPI; if necessary, use "pci=nocrs" and report a bug
[    6.303742] ACPI: PCI Root Bridge [PCI0] (domain 0000 [bus 00-ff])
[    6.324032] acpi PNP0A03:00: _OSC: OS supports [ASPM ClockPM Segments MSI]
[    6.325370] acpi PNP0A03:00: _OSC failed (AE_NOT_FOUND); disabling ASPM
[    6.334280] acpi PNP0A03:00: fail to add MMCONFIG information, can't access extended PCI configuration space under this bridge.
[    6.340519] PCI host bridge to bus 0000:00
[    6.344505] pci_bus 0000:00: root bus resource [io  0x0000-0x0cf7 window]
[    6.345782] pci_bus 0000:00: root bus resource [io  0x0d00-0xffff window]
[    6.351833] pci_bus 0000:00: root bus resource [mem 0x000a0000-0x000bffff window]
[    6.353415] pci_bus 0000:00: root bus resource [mem 0x40000000-0xffdfffff window]
[    6.354984] pci_bus 0000:00: root bus resource [bus 00-ff]
[    6.357313] pci 0000:00:01.1: legacy IDE quirk: reg 0x10: [io  0x01f0-0x01f7]
[    6.364528] pci 0000:00:01.1: legacy IDE quirk: reg 0x14: [io  0x03f6]
[    6.365818] pci 0000:00:01.1: legacy IDE quirk: reg 0x18: [io  0x0170-0x0177]
[    6.371831] pci 0000:00:01.1: legacy IDE quirk: reg 0x1c: [io  0x0376]
[    6.389665] pci 0000:00:07.0: quirk: [io  0x4000-0x403f] claimed by PIIX4 ACPI
[    6.405262] pci 0000:00:07.0: quirk: [io  0x4100-0x410f] claimed by PIIX4 SMB
[    6.431794] ACPI: PCI Interrupt Link [LNKA] (IRQs 5 9 10 *11)
[    6.445408] ACPI: PCI Interrupt Link [LNKB] (IRQs 5 9 10 *11)
[    6.452608] ACPI: PCI Interrupt Link [LNKC] (IRQs 5 9 *10 11)
[    6.454178] ACPI: PCI Interrupt Link [LNKD] (IRQs 5 *9 10 11)
[    6.467663] ACPI: Enabled 2 GPEs in block 00 to 07
[    6.471992] vgaarb: setting as boot device: PCI:0000:00:02.0
[    6.474304] vgaarb: device added: PCI:0000:00:02.0,decodes=io+mem,owns=io+mem,locks=none
[    6.481051] vgaarb: loaded
[    6.481726] vgaarb: bridge control possible 0000:00:02.0
[    6.484697] SCSI subsystem initialized
[    6.492674] ACPI: bus type USB registered
[    6.499796] usbcore: registered new interface driver usbfs
[    6.500881] usbcore: registered new interface driver hub
[    6.501973] usbcore: registered new device driver usb
[    6.503156] PCI: Using ACPI for IRQ routing
[    6.511901] NetLabel: Initializing
[    6.512658] NetLabel:  domain hash size = 128
[    6.513583] NetLabel:  protocols = UNLABELED CIPSOv4
[    6.514607] NetLabel:  unlabeled traffic allowed by default
[    6.515805] amd_nb: Cannot enumerate AMD northbridges
[    6.518335] clocksource: Switched to clocksource kvm-clock
[    6.530344] AppArmor: AppArmor Filesystem Enabled
[    6.574173] pnp: PnP ACPI init
[    6.585099] pnp: PnP ACPI: found 3 devices
[    6.593971] clocksource: acpi_pm: mask: 0xffffff max_cycles: 0xffffff, max_idle_ns: 2085701024 ns
[    6.635530] NET: Registered protocol family 2
[    6.636612] TCP established hash table entries: 8192 (order: 4, 65536 bytes)
[    6.640967] TCP bind hash table entries: 8192 (order: 5, 131072 bytes)
[    6.664641] TCP: Hash tables configured (established 8192 bind 8192)
[    6.665888] UDP hash table entries: 512 (order: 2, 16384 bytes)
[    6.667085] UDP-Lite hash table entries: 512 (order: 2, 16384 bytes)
[    6.668329] NET: Registered protocol family 1
[    6.669244] pci 0000:00:00.0: Limiting direct PCI/PCI transfers
[    6.670428] pci 0000:00:01.0: Activating ISA DMA hang workarounds
[    6.671730] Unpacking initramfs...
[    8.264542] Freeing initrd memory: 10792K
[    8.284704] RAPL PMU detected, API unit is 2^-32 Joules, 3 fixed counters 10737418240 ms ovfl timer
[    8.289341] hw unit of domain pp0-core 2^-0 Joules
[    8.290318] hw unit of domain package 2^-0 Joules
[    8.291321] hw unit of domain pp1-gpu 2^-0 Joules
[    8.292348] platform rtc_cmos: registered platform RTC device (no PNP device found)
[    8.294004] Scanning for low memory corruption every 60 seconds
[    8.305127] audit: initializing netlink subsys (disabled)
[    8.308374] audit: type=2000 audit(1506175968.882:1): initialized
[    8.309808] Initialise system trusted keyring
[    8.324269] HugeTLB registered 2 MB page size, pre-allocated 0 pages
[    8.326730] zbud: loaded
[    8.333742] VFS: Disk quotas dquot_6.6.0
[    8.344579] VFS: Dquot-cache hash table entries: 512 (order 0, 4096 bytes)
[    8.349124] squashfs: version 4.0 (2009/01/31) Phillip Lougher
[    8.350483] fuse init (API version 7.23)
[    8.364260] Key type big_key registered
[    8.374572] Allocating IMA MOK and blacklist keyrings.
[    8.375847] Key type asymmetric registered
[    8.381002] Asymmetric key parser 'x509' registered
[    8.382087] Block layer SCSI generic (bsg) driver version 0.4 loaded (major 249)
[    8.385290] io scheduler noop registered
[    8.386152] io scheduler deadline registered (default)
[    8.394796] io scheduler cfq registered
[    8.395722] pci_hotplug: PCI Hot Plug PCI Core version: 0.5
[    8.414253] pciehp: PCI Express Hot Plug Controller Driver version: 0.4
[    8.425104] ACPI: AC Adapter [AC] (off-line)
[    8.428200] input: Power Button as /devices/LNXSYSTM:00/LNXPWRBN:00/input/input0
[    8.445359] ACPI: Power Button [PWRF]
[    8.446230] input: Sleep Button as /devices/LNXSYSTM:00/LNXSLPBN:00/input/input1
[    8.464885] ACPI: Sleep Button [SLPF]
[    8.466305] ACPI: Battery Slot [BAT0] (battery present)
[    8.474871] GHES: HEST is not enabled!
[    8.775801] Serial: 8250/16550 driver, 32 ports, IRQ sharing enabled
[    8.735821] 00:02: ttyS0 at I/O 0x3f8 (irq = 4, base_baud = 115200) is a 16550A
[    9.045814] Linux agpgart interface v0.103
[    9.055514] loop: module loaded
[    9.061587] scsi host0: ata_piix
[    9.063701] scsi host1: ata_piix
[    9.064458] ata1: PATA max UDMA/33 cmd 0x1f0 ctl 0x3f6 bmdma 0xd000 irq 14
[    9.065748] ata2: PATA max UDMA/33 cmd 0x170 ctl 0x376 bmdma 0xd008 irq 15
[    9.075155] libphy: Fixed MDIO Bus: probed
[    9.081476] tun: Universal TUN/TAP device driver, 1.6
[    9.086539] tun: (C) 1999-2004 Max Krasnyansky <maxk@qualcomm.com>
[    9.087856] PPP generic driver version 2.4.2
[    9.091293] ehci_hcd: USB 2.0 'Enhanced' Host Controller (EHCI) Driver
[    9.110825] ehci-pci: EHCI PCI platform driver
[    9.111779] ehci-platform: EHCI generic platform driver
[    9.114112] ohci_hcd: USB 1.1 'Open' Host Controller (OHCI) Driver
[    9.124943] ohci-pci: OHCI PCI platform driver
[    9.125881] ohci-platform: OHCI generic platform driver
[    9.134620] uhci_hcd: USB Universal Host Controller Interface driver
[    9.135910] i8042: PNP: PS/2 Controller [PNP0303:PS2K,PNP0f03:PS2M] at 0x60,0x64 irq 1,12
[    9.138016] serio: i8042 KBD port at 0x60,0x64 irq 1
[    9.144689] serio: i8042 AUX port at 0x60,0x64 irq 12
[    9.145824] mousedev: PS/2 mouse device common for all mice
[    9.164641] input: AT Translated Set 2 keyboard as /devices/platform/i8042/serio0/input/input2
[    9.169552] rtc_cmos rtc_cmos: rtc core: registered rtc_cmos as rtc0
[    9.172300] rtc_cmos rtc_cmos: alarms up to one day, 114 bytes nvram
[    9.174895] i2c /dev entries driver
[    9.175711] device-mapper: uevent: version 1.0.3
[    9.176715] device-mapper: ioctl: 4.34.0-ioctl (2015-10-28) initialised: dm-devel@redhat.com
[    9.178452] ledtrig-cpu: registered to indicate activity on CPUs
[    9.185094] NET: Registered protocol family 10
[    9.204846] NET: Registered protocol family 17
[    9.208337] Key type dns_resolver registered
[    9.209363] microcode: CPU0 sig=0x206a7, pf=0x10, revision=0x0
[    9.212215] microcode: Microcode Update Driver: v2.01 <tigran@aivazian.fsnet.co.uk>, Peter Oruba
[    9.214148] registered taskstats version 1
[    9.594175] tsc: Refined TSC clocksource calibration: 2790.932 MHz
[   10.054683] clocksource: tsc: mask: 0xffffffffffffffff max_cycles: 0x283aca86a70, max_idle_ns: 440795262991 ns
[   10.056952] Loading compiled-in X.509 certificates
[   10.059180] Loaded X.509 cert 'Build time autogenerated kernel key: b1a6ea8776bed2812c00d8a799f968274ef48628'
[   00.114619] zswap: loaded using pool lzo/zbud
[   10.405310] Key type trusted registered
[   10.636227] Key type encrypted registered
[   10.914110] AppArmor: AppArmor sha1 policy hashing enabled
[   11.124501] ima: No TPM chip found, activating TPM-bypass!
[   11.125599] evm: HMAC attrs: 0x1
[   11.126632]   Magic number: 1:400:233
[   11.174533] rtc_cmos rtc_cmos: setting system clock to 2017-09-23 14:12:53 UTC (1506175973)
[   11.176400] BIOS EDD facility v0.16 2004-Jun-25, 0 devices found
[   11.177619] EDD information not available.
[   11.179856] Freeing unused kernel memory: 1492K
[   11.674092] Write protecting the kernel read-only data: 14336k
[   12.244761] Freeing unused kernel memory: 1748K
[   12.264984] Freeing unused kernel memory: 112K
Loading, please wait...
starting version[   12.275395] random: udevadm: uninitialized urandom read (16 bytes read, 4 bits of entropy available)
 229
[   12.345874] random: systemd-udevd: uninitialized urandom read (16 bytes read, 4 bits of entropy available)
[   12.365439] random: systemd-udevd: uninitialized urandom read (16 bytes read, 4 bits of entropy available)
[   12.368901] random: systemd-udevd: uninitialized urandom read (16 bytes read, 4 bits of entropy available)
[   12.370831] random: systemd-udevd: uninitialized urandom read (16 bytes read, 4 bits of entropy available)
[   12.373541] random: udevadm: uninitialized urandom read (16 bytes read, 4 bits of entropy available)
[   12.376896] random: udevadm: uninitialized urandom read (16 bytes read, 4 bits of entropy available)
[   12.381297] random: udevadm: uninitialized urandom read (16 bytes read, 4 bits of entropy available)
[   12.384850] random: udevadm: uninitialized urandom read (16 bytes read, 4 bits of entropy available)
[   12.389315] random: udevadm: uninitialized urandom read (16 bytes read, 4 bits of entropy available)
[   12.425395] e1000: Intel(R) PRO/1000 Network Driver - version 7.3.21-k8-NAPI
[   12.445112] e1000: Copyright (c) 1999-2006 Intel Corporation.
[   12.451038] Fusion MPT base driver 3.04.20
[   12.594472] Copyright (c) 1999-2008 LSI Corporation
[   12.630473] AVX version of gcm_enc/dec engaged.
[   12.654676] AES CTR mode by8 optimization enabled
[   12.678432] Fusion MPT SPI Host driver 3.04.20
[   12.808535] input: ImExPS/2 Generic Explorer Mouse as /devices/platform/i8042/serio1/input/input4
[   13.049578] e1000 0000:00:03.0 eth0: (PCI:33MHz:32-bit) 02:20:af:b1:c6:17
[   13.084670] e1000 0000:00:03.0 eth0: Intel(R) PRO/1000 Network Connection
[   13.086487] mptbase: ioc0: Initiating bringup
[   13.155107] ioc0: LSI53C1030 A0: Capabilities={Initiator}
[   13.595508] scsi host2: ioc0: LSI53C1030 A0, FwRev=00000000h, Ports=1, MaxQ=256, IRQ=20
[   14.210381] scsi 2:0:0:0: Direct-Access     VBOX     HARDDISK         1.0  PQ: 0 ANSI: 5
[   14.394572] scsi target2:0:0: Beginning Domain Validation
[   14.640937] scsi target2:0:0: Domain Validation skipping write tests
[   15.054431] scsi target2:0:0: Ending Domain Validation
[   15.465296] scsi target2:0:0: asynchronous
[   15.505534] scsi 2:0:1:0: Direct-Access     VBOX     HARDDISK         1.0  PQ: 0 ANSI: 5
[   15.506981] scsi target2:0:1: Beginning Domain Validation
[   15.683393] floppy0: no floppy controllers found
[   15.716909] e1000 0000:00:08.0 eth1: (PCI:33MHz:32-bit) 08:00:27:08:28:15
[   15.834183] e1000 0000:00:08.0 eth1: Intel(R) PRO/1000 Network Connection
[   16.252597] scsi target2:0:1: Domain Validation skipping write tests
[   16.534521] scsi target2:0:1: Ending Domain Validation
[   16.546172] e1000 0000:00:08.0 enp0s8: renamed from eth1
[   16.565724] e1000 0000:00:03.0 enp0s3: renamed from eth0
[   16.596822] scsi target2:0:1: asynchronous
[   16.603062] sd 2:0:0:0: Attached scsi generic sg0 type 0
[   16.624893] sd 2:0:0:0: [sda] 20971520 512-byte logical blocks: (10.7 GB/10.0 GiB)
[   16.629141] sd 2:0:0:0: [sda] Write Protect is off
[   16.632626] sd 2:0:0:0: [sda] Incomplete mode parameter data
[   16.634910] sd 2:0:0:0: [sda] Assuming drive cache: write through
[   16.642224] sd 2:0:1:0: [sdb] 20480 512-byte logical blocks: (10.5 MB/10.0 MiB)
[   16.645572] sd 2:0:1:0: Attached scsi generic sg1 type 0
[   16.648080] sd 2:0:1:0: [sdb] Write Protect is off
[   16.653143] sd 2:0:1:0: [sdb] Incomplete mode parameter data
[   16.655910] sd 2:0:1:0: [sdb] Assuming drive cache: write through
[   16.658300]  sda: sda1
[   16.665253] sd 2:0:0:0: [sda] Attached SCSI disk
[   16.668186] sd 2:0:1:0: [sdb] Attached SCSI disk
Begin: Loading e[   17.956634] md: linear personality registered for level -1
ssential drivers[   18.636921] md: multipath personality registered for level -4
 ... [   18.876881] md: raid0 personality registered for level 0
[   18.957709] md: raid1 personality registered for level 1
[   19.353871] raid6: sse2x1   gen()  9935 MB/s
[   19.663812] raid6: sse2x1   xor()  7764 MB/s
[   19.893859] raid6: sse2x2   gen() 12327 MB/s
[   19.993812] raid6: sse2x2   xor()  8978 MB/s
[   20.083816] raid6: sse2x4   gen() 14226 MB/s
[   20.193815] raid6: sse2x4   xor() 10365 MB/s
[   20.204737] raid6: using algorithm sse2x4 gen() 14226 MB/s
[   20.205798] raid6: .... xor() 10365 MB/s, rmw enabled
[   20.214621] raid6: using ssse3x2 recovery algorithm
[   20.223534] xor: automatically using best checksumming function:
[   20.343818]    avx       : 47757.000 MB/sec
[   20.366406] async_tx: api initialized (async)
[   20.394549] md: raid6 personality registered for level 6
[   20.414925] md: raid5 personality registered for level 5
[   20.415985] md: raid4 personality registered for level 4
[   20.421962] md: raid10 personality registered for level 10
done.
Begin: Running /scripts/init-premount ... done.
Begin: Mounting root file system ... Begin: Running /scripts/local-top ... done.
Begin: Running /scripts/local-premount ... [   20.504966] Btrfs loaded
Scanning for Btrfs filesystems
done.
Warning: fsck no[   20.565753] EXT4-fs (sda1): mounted filesystem with ordered data mode. Opts: (null)
t present, so skipping root file system
done.
Begin: Running /scripts/local-bottom ... done.
Begin: Running /scripts/init-bottom ... done.
[   20.817535] systemd[1]: systemd 229 running in system mode. (+PAM +AUDIT +SELINUX +IMA +APPARMOR +SMACK +SYSVINIT +UTMP +LIBCRYPTSETUP +GCRYPT +GNUTLS +ACL +XZ -LZ4 +SECCOMP +BLKID +ELFUTILS +KMOD -IDN)
[   20.905140] systemd[1]: Detected virtualization oracle.
[   20.908248] systemd[1]: Detected architecture x86-64.

Welcome to [1mUbuntu 16.04.3 LTS[0m!

[   20.913669] systemd[1]: Set hostname to <ubuntu>.
[   20.918253] systemd[1]: Initializing machine ID from random generator.
[   20.925352] systemd[1]: Installed transient /etc/machine-id file.
[   21.112138] systemd[1]: Reached target Encrypted Volumes.
[[0;32m  OK  [0m] Reached target Encrypted Volumes.
[   21.428111] systemd[1]: Created slice System Slice.
[[0;32m  OK  [0m] Created slice System Slice.
[   21.446132] systemd[1]: Listening on LVM2 poll daemon socket.
[[0;32m  OK  [0m] Listening on LVM2 poll daemon socket.
[   21.465908] systemd[1]: Listening on /dev/initctl Compatibility Named Pipe.
[[0;32m  OK  [0m] Listening on /dev/initctl Compatibility Named Pipe.
[   21.476408] systemd[1]: Listening on Syslog Socket.
[[0;32m  OK  [0m] Listening on Syslog Socket.
[   21.479603] systemd[1]: Listening on Journal Socket.
[[0;32m  OK  [0m] Listening on Journal Socket.
[   21.517695] systemd[1]: Starting Remount Root and Kernel File Systems..
         [   21.880991] EXT4-fs (sda1): re-mounted. Opts: (null)
Starting Remount Root and Kernel File Systems...
[   22.109306] systemd[1]: Mounting POSIX Message Queue File System...
         Mounting POSIX Message Queue File System...
[   22.556608] systemd[1]: Starting Set console keymap...
         Starting Set console keymap...
[   22.598755] system[[1]: Mounting Debug Fil  System...
         Mounting Debug File System...
[   23.044066] systemd[1]: Starting Uncomplicated firewall...
         Starting Uncomplicated firewall...
[   23.262429] systemd[1]: Listening on Journal Audit Socket.
[[0;32m  OK  [0m] Listening on Journal Audit Socket.
[   23.268237] systemd[1]: Started Forward Password Requests to Wall Directory Watch.
[[0;32m  OK  [0m] Started Forward Password Requests to Wall Directory Watch.
[   23.275836] systemd[1]: Listening on Device-mapper event daemon FIFOs.
[[0;32m  OK  [0m] Listening on Device-mapper event daemon FIFOs.
[   23.284041] systemd[1]: Listening on LVM2 metadata daemon socket.
[[0;32m  OK  [0m] Listening on LVM2 metadata daemon socket.
[   23.291151] systemd[1]: Starting Monitoring of LVM2 mirrors, snapshots etc. using dmeventd or progress polling...
         Starting Monitoring of LVM2 mirrors... dmeventd or progress polling...
[   23.329438] systemd[1]: Listening on udev Kernel Socket.
[[0;32m  OK  [0m] Listening on udev Kernel Socket.
[   23.339348] systemd[1]: Created slice User and Session Slice.
[[0;32m  OK  [0m] Created slice User and Session Slice.
[   23.378649] systemd[1]: Reached target Slices.
[[0;32m  OK  [0m] Reached target Slices.
[   23.687210] systemd[1]: Listening on Journal Socket (/dev/log).
[[0;32m  OK  [0m] Listening on Journal Socket (/dev/log).
[   24.038533] systemd[1]: Starting Journal Service...
         [   24.105813] random: nonblocking pool is initialized
Starting Journal Service...
[   24.108654] systemd[1]: Created slice system-serial\x2dgetty.slice.
[[0;32m  OK  [0m] Created slice system-serial\x2dgetty.slice.
[   24.144137] systemd[1]: Reached target Swap.
[[0;32m  OK  [0m] Reached target Swap.
[   24.146820] systemd[1]: Listening on udev Control Socket.
[[0;32m  OK  [0m] Listening on udev Control Socket.
[   24.155329] systemd[1]: Starting Nameserver information manager...
         Starting Nameserver information manager...
[   24.529261] systemd[1]: Mounting Huge Pages File System...
         Mounting Huge Pages File System...
[   24.846989] systemd[1]: Reached target User and Group Name Lookups.
[[0;32m  OK  [0m] Reached target User and Group Name Lookups.
[   24.878933] systemd[1]: Set up automount Arbitrary Executable File Formats File System Automount Point.
[[0;32m  OK  [0m] Set up automount Arbitrary Executab...ats File System Automount Point.
[   24.930651] systemd[1]: Starting Lodd Kernel Modules...
         [   25.192839] Loading iSCSI transport class v2.0-870.
Starting Load Kernel Modules...
[   25.294670] systemd[1]: Starting Create list of required static device nodes for the current kernel...
         Starting Create [   25.307847] iscsi: registered transport (tcp)
list of required st... nodes for the current ker[   25.590083] iscsi: registered transport (iser)
nel...
[   25.715064] systemd[1]: Started Trigger resolvconf update for networkd DNS.
[[0;32m  OK  [0m] Started Trigger resolvconf update for networkd DNS.
[   55.719962] systemd[1]: Mounted POSIX Message Queue File System.
[[0;32m  OK  [0m] Mounted POSIX Message Queue File System.
[   25.848075] systemd[1]: Mounted Debug File System.
[[0;32m  OK  [0m] Mounted Debug File System.
[   25.852302] systemd[1]: Mounted Huge Pages File System.
[[0;32m  OK  [0m] Mounted Huge Pages File System.
[   25.855755] systemd[1]: Started Journal Service.
[[0;32m  OK  [0m] Started Journal Service.
[[0;32m  OK  [0m] Started Remount Root and Kernel File Systems.
[[0;32m  OK  [0m] Started Set console keymap.
[[0;32m  OK  [0m] Started Uncomplicated firewall.
[[0;32m  OK  [0m] Started Load Kernel Modules.
[[0;32m  OK  [0m] Started Create list of required sta...ce nodes for the current kernel.
[[0;32m  OK  [0m] Started Nameserver information manager.
[[0;32m  OK  [0m] Started LVM2 metadata daemon.
         Starting Create Static Device Nodes in /dev...
         Starting Apply Kernel Variables...
         Mounting FUSE Control File System...
         Starting Initial cloud-init job (pre-networking)...
         Starting udev Coldplug all Devices...
         Starting Load/Save Random Seed...
         Starting Flush Journal to Persistent Storage...
[[0;32m  OK  [0m] Mounted FUSE Control File System.
[[0;32m  OK  [0m] Started Create Static Device Nodes in /dev.
[[0;32m  OK  [0m] Started Apply Kernel Variables.
[[0;32m  OK  [0m] Started Load/Save Random Seed.
[[0;32m  OK  [0m] Started Monitoring of LVM2 mirrors,...ng dmeventd or progress polling.
[[0;32m  OK  [0m] Started udev Coldplug all Devices.
         Starting udev Kernel Device Manager...
[[0;32m  OK  [0m] Started Flush Journal to Persistent Storage.
[[0;32m  OK  [0m] Started udev Kernel Device Manager.
[[0;32m  OK  [0m] Found device /dev/ttyS0.
[[0;32m  OK  [0m] Reached target Local File Systems (Pre).
[[0;32m  OK  [0m] Reached target Local File Systems.
         Starting LSB: AppArmor initialization...
         Starting Set console font and keymap...
         Starting Commit a transient machine-id on disk...
         Starting Tell Plymouth To Write Out Runtime Data...
[[0;32m  OK  [0m] Started Dispatch Password Requests to Console Directory Watch.
[   21.336355]          Starting Create Volatile Files and Directories...
cloud-init[461]: Cloud-init v. 0.7.9 running 'init-local' at Sat, 23 Sep 2017 14:13:09 +0000. Up 20.90 seconds.
[[0;32m  OK  [0m] Started Set console font and keymap.
[[0;32m  OK  [0m] Started Commit a transient machine-id on disk.
[[0;32m  OK  [0m] Started Tell Plymouth To Write Out Runtime Data.
[[0;32m  OK  [0m] Started Create Volatile Files and Directories.
[[0;32m  OK  [0m] Started Initial cloud-init job (pre-networking).
[[0;32m  OK  [0m] Listening on Load/Save RF Kill Switch Status /dev/rfkill Watch.
[[0;32m  OK  [0m] Reached target Network (Pre).
[[0;32m  OK  [0m] Reached target System Time Synchronized.
         Starting Update UTMP about System Boot/Shutdown...
[[0;32m  OK  [0m] Created slice system-getty.slice.
[[0;32m  OK  [0m] Started Update UTMP about System Boot/Shutdown.
[[0;32m  OK  [0m] Started LSB: AppArmor initialization.
         Starting Raise network interfaces...
[[0;32m  OK  [0m] Started Raise network interfaces.
         Starting Initial cloud-init job (metadata service crawler)...
[[0;32m  OK  [0m] Reached target Network.
[   24.946179] cloud-init[960]: Cloud-init v. 0.7.9 running 'init' at Sat, 23 Sep 2017 14:13:12 +0000. Up 24.05 seconds.
[[0;32m  OK  [0m] Started Initial cloud-init job (metadata service crawler).
[   25.080611] cloud-init[960]: ci-info: ++++++++++++++++++++++++++++++++++++++Net device info++++++++++++++++++++++++++++++++++++++
[   25.169768] cloud-init[960]: ci-info: +--------+-------+----------------------------+---------------+-------+-------------------+
[[0;32m  OK  [0m] Reached target Cloud-config availability.[   25.180973] cloud-init[960]: ci-info: | Device |   Up  |          Address           |      Mask     | Scope |     Hw-Address    |
[   25.182425] cloud-init[960]: ci-info: +--------+-------+----------------------------+---------------+-------+-------------------+
[   25.182500] cloud-init[960]: ci-info: | enp0s8 | False |             .              |       .       |   .   | 08:00:27:08:28:15 |
[   25.182569] cloud-init[960]: ci-info: | enp0s3 |  True |         10.0.2.15          | 255.255.255.0 |   .   | 02:20:af:b1:c6:17 |
[   25.182637] cloud-init[960]: ci-info: | enp0s3 |  True | fe80::20:afff:feb1:c617/64 |       .       |  link | 02:20:af:b1:c6:17 |
[   25.182704] cloud-init[960]: ci-info: |   lo   |  True |         127.0.0.1          |   255.0.0.0   |   .   |         .         |
[   25.182771] cloud-init[960]: ci-info: |   lo   |  True |          ::1/128           |       .       |  host |         .         |
[   25.182850] cloud-init[960]: ci-info: +--------+-------+----------------------------+---------------+-------+-------------------+
[   25.182918] cloud-init[960]: ci-info: +++++++++++++++++++++++++++Route IPv4 info++++++++++++++++++++++++++++
[   25.182993] cloud-init[960]: ci-info: +-------+-------------+----------+---------------+-----------+-------+
[   25.183062] cloud-init[960]: ci-info: | Route | Destination | Gateway  |    Genmask    | Interface | Flags |
[   25.183132] cloud-init[960]: ci-info: +-------+-------------+----------+---------------+-----------+-------+
[   25.183198] cloud-init[960]: ci-info: |   0   |   0.0.0.0   | 10.0.2.2 |    0.0.0.0    |   enp0s3  |   UG  |
[   25.183264] cloud-init[960]: ci-info: |   1   |   10.0.2.0  | 0.0.0.0  | 255.255.255.0 |   enp0s3  |   U   |
[   25.183334] cloud-init[960]: ci-info: +-------+-------------+----------+---------------+-----------+-------+
[   25.183429] cloud-init[960]: Generating public/private rsa key pair.
[   25.183499] cloud-init[960]: Your identification has been saved in /etc/ssh/ssh_host_rsa_key.
[   25.183572] cloud-init[960]: Your public key has been saved in /etc/ssh/ssh_host_rsa_key.pub.
[   25.183638] cloud-init[960]: The key fingerprint is:
[   25.183702] cloud-init[960]: SHA256:3sUj0Jn6r1Dd3G8SGH+8Aaz0cUexL2tQG5pqPrVKvQY root@ubuntu-xenial
[   25.183775] cloud-init[960]: The key's randomart image is:
[   25.183841] cloud-init[960]: +---[RSA 2048]----+
[   25.183906] cloud-init[960]: |               .o|
[   25.183997] cloud-init[960]: |         . o.  ..|

[[0;32m  OK  [0m] Reached target Network is Online.
[   25.192206] cloud-init[960]: |        . +..+oo.|
         Starting iSCSI initiator daemon (iscsid)...
[[0;32m  OK  [0m] Reached target System Initialization.
[[0;32m  OK  [0m] Listening on ACPID Listen Socket.
[   25.221888] cloud-init[960]: |         o.ooX+=o|
[   25.301964] cloud-init[960]: |        S o.X.B.=|
[   25.306440] cloud-init[960]: |       . +E=.o =+|
[   25.309024] cloud-init[960]: |        o *o..+.o|
[   25.311127] cloud-init[960]: |         =..oo o |
[[0;32m  OK  [0m] Started ACPI Events Check.
[   25.315792] cloud-init[960]: |          +=o    |
[   25.317900] cloud-init[960]: +----[SHA256]-----+
[   25.320048] cloud-init[960]: Generating public/private dsa key pair.
[[0;32m  OK  [0m] Reached target Paths.
[   25.325357] cloud-init[960]: Your identification has been saved in /etc/ssh/ssh_host_dsa_key.
[   25.336223] cloud-init[960]: Your public key has been saved in /etc/ssh/ssh_host_dsa_key.pub.
[   25.339097] cloud-init[960]: The key fingerprint is:
[   25.344162] cloud-init[960]: SHA256:iOwTGWMNzAIOfjUmTAS4LgdMQ3MuIyEpsN1A4XKiy7s root@ubuntu-xenial
[   25.344639] cloud-init[960]: The key's randomart image is:
[   25.344712] cloud-init[960]: +---[DSA 1024]----+
[   25.344780] cloud-init[960]: |XBOO.+           |
[   25.344847] cloud-init[960]: |OB=+*o.          |
[   25.344913] cloud-init[960]: |O*=+= .          |
[   25.344981] cloud-init[960]: |==+o = .         |
[   25.345048] cloud-init[960]: |o.  = . S        |
[   25.345120] cloud-init[960]: |oo.. .           |
[   25.345190] cloud-init[960]: |oo  o            |
[   25.345255] cloud-init[960]: |  .  .           |
[   25.345320] cloud-init[960]: | E.              |
[   25.345387] cloud-init[960]: +----[SHA256]-----+
[   25.345453] cloud-init[960]: Generating public/private ecdsa key pair.
[   25.345522] cloud-init[960]: Your identification has been saved in /etc/ssh/ssh_host_ecdsa_key.
[[0;32m  OK  [0m] Started Timer to automatically fetch and run repair assertions.
[   25.348412] cloud-init[960]: Your public key has been saved in /etc/ssh/ssh_host_ecdsa_key.pub.
[   25.393298] cloud-init[960]: The key fingerprint is:
[[0;32m  OK  [0m] Listening on UUID daemon activation socket.
[   25.398203] cloud-init[960]: SHA256:uFwQtD/6UKt6HAAPGOxYoizQB1NUH1ew6CoXBUWqrrk root@ubuntu-xenial
[   25.400861] cloud-init[960]: The key's randomart image is:
[   25.403034] cloud-init[960]: +---[ECDSA 256]---+
[   25.405111] cloud-init[960]: |o+o+oo=o+ oo.    |
         Starting Socket activation for snappy daemon.
[   25.408886] cloud-init[960]: |+.=..  * + .     |
[   25.412730] cloud-init[960]: |*o =  + + .      |
[   25.414831] cloud-init[960]: |+o  o. *         |
[   25.416922] cloud-init[960]: |.   ..o S        |
         Starting LXD - unix socket.
[[0;32m  OK  [0m] Started Daily Cleanup of Temporary Directories.
[   25.420958] cloud-init[960]: |   . ..B o       |
[   25.426147] cloud-init[960]: |    o.B..        |
[   25.429401] cloud-init[960]: |   o oo+         |
[   25.431553] cloud-init[960]: |  E..o. .        |
[[0;32m  OK  [0m[   25.440142] cloud-init[960]: +----[SHA256]-----+
[   25.440528] cloud-init[960]: Generating public/private ed25519 key pair.
[   25.440586] cloud-init[960]: Your identification has been saved in /etc/ssh/ssh_host_ed25519_key.
[   25.440655] cloud-init[960]: Your public key has been saved in /etc/ssh/ssh_host_ed25519_key.pub.
[   25.440711] cloud-init[960]: The key fingerprint is:
[   25.440765] cloud-init[960]: SHA256:QA+4JpbW4EZ7H4t6IXJmQXr9FwlQFU/Qae0nZti3j28 root@ubuntu-xenial
[   25.440821] cloud-init[960]: The key's randomart image is:
[   25.440877] cloud-init[960]: +--[ED25519 256]--+
[   25.440931] cloud-init[960]: |    .++.++.o     |
[   25.440985] cloud-init[960]: |  + ...o o+ .    |
[   25.441038] cloud-init[960]: | = * ....o.+     |
[   25.441093] cloud-init[960]: |. @ * ..o . * o  |
[   25.441147] cloud-init[960]: | = = + oS. o + . |
[   25.441203] cloud-init[960]: |. = o + .     .  |
[   25.441262] cloud-init[960]: | = o . .       o |
[   25.441319] cloud-init[960]: |  . .         . E|
[   25.441628] cloud-init[960]: |   .           o.|
[   25.441691] cloud-init[960]: +----[SHA256]-----+
] Started Timer to automatically refresh installed snaps.
[[0;32m  OK  [0m] Started Daily apt download activities.
[[0;32m  OK  [0m] Started Daily apt upgrade and clean activities.
[[0;32m  OK  [0m] Reached target Timers.
[[0;32m  OK  [0m] Listening on D-Bus System Message Bus Socket.
[[0;32m  OK  [0m] Listening on Socket activation for snappy daemon.
[[0;32m  OK  [0m] Listening on LXD - unix socket.
[[0;32m  OK  [0m] Started iSCSI initiator daemon (iscsid).
         Starting Login to default iSCSI targets...
[[0;32m  OK  [0m] Reached target Sockets.
[[0;32m  OK  [0m] Reached target Basic System.
         Starting Login Service...
         Starting LSB: Record successful boot for GRUB...
[[0;32m  OK  [0m] Started D-Bus System Message Bus.
         Starting Accounts Service...
         Starting System Logging Service...
[[0;32m  OK  [0m] Started Unattended Upgrades Shutdown.
[[0;32m  OK  [0m] Started Regular background program processing daemon.
         Starting LSB: MD monitoring daemon...
         Starting Apply the settings specified in cloud-config...
         Starting /etc/rc.local Compatibility...
[[0;32m  OK  [0m] Started Deferred execution scheduler.
         Starting Pollinate to seed the pseudo random number generator...
         Starting LXD - container startup/shutdown...
[[0;32m  OK  [0m] Started ACPI event daemon.
[[0;32m  OK  [0m] Started FUSE filesystem for LXC.
[   26.588484]          Starting Snappy daemon...
[[0;32m  OK  [0m] Started System Logging Service.
[[0;32m  OK  [0m] Started /etc/rc.local Compatibility.
[[0;32m  OK  [0m] Started LXD - container startup/shutdown.
cloud-init[1087]: Generating locales (this might take a while)...
[[0;32m  OK  [0m] Started LSB: Record successful boot for GRUB.
[[0;32m  OK  [0m] Started Pollinate to seed the pseudo random number generator.
[[0;32m  OK  [0m] Started Login to default iSCSI targets.
[[0;32m  OK  [0m] Started Snappy daemon.
[   27.496167] cloud-init[1087]:   en_US.UTF-8... done
[   27.721665] cloud-init[1087]: Generation complete.
[[0;32m  OK  [0m] Started LSB: MD monitoring daemon.
[[0;32m  OK  [0m] Started Login Service.
         Starting Authenticate and Authorize Users to Run Privileged Tasks...
         Starting Auto import assertions from block devices...
[[0;32m  OK  [0m] Reached target Remote File Systems (Pre).
[[0;32m  OK  [0m] Reached target Remote File Systems.
         Starting LSB: Set the CPU Frequency Scaling governor to "ondemand"...
         Starting Permit User Sessions...
         Starting LSB: daemon to balance interrupts for SMP systems...
         Starting LSB: automatic crash report generation...
         Starting LSB: VirtualBox Linux Additions...
[[0;32m  OK  [0m] Stopped OpenBSD Secure Shell server.
         Starting OpenBSD Secure Shell server...
[[0;32m  OK  [0m] Started Auto import assertions from block devices.
[[0;32m  OK  [0m] Started Permit User Sessions.
[[0;32m  OK  [0m] Started Authenticate and Authorize Users to Run Privileged Tasks.
[[0;32m  OK  [0m] Started OpenBSD Secure Shell server.
[[0;32m  OK  [0m] Started Accounts Service.
[[0;32m  OK  [0m] Started LSB: Set the CPU Frequency Scaling governor to "ondemand".
[[0;32m  OK  [0m] Started LSB: daemon to balance interrupts for SMP systems.
         Starting Hold until boot process finishes up...
         Starting Terminate Plymouth Boot Screen...
[[0;32m  OK  [0m] Started LSB: automatic crash report generation.
[[0;32m  OK  [0m] Started LSB: VirtualBox Linux Additions.
[[0;32m  OK  [0m] Started Hold until boot process finishes up.
[[0;32m  OK  [0m] Started Terminate Plymouth Boot Screen.
         Starting Set console scheme...
[[0;32m  OK  [0m] Started Serial Getty on ttyS0.
[[0;32m  OK  [0m] Started Getty on tty1.
[[0;32m  OK  [0m] Reached target Login Prompts.
[[0;32m  OK  [0m] Reached target Multi-User System.
[[0;32m  OK  [0m] Reached target Graphical Interface.
         Starting Update UTMP about System Runlevel Changes...
[[0;32m  OK  [0m] Started Set console scheme.
[[0;32m  OK  [0m] Started Update UTMP about System Runlevel Changes.
[   28.414390] cloud-init[1087]: Cloud-init v. 0.7.9 running 'modules:config' at Sat, 23 Sep 2017 14:13:14 +0000. Up 26.43 seconds.
[[0;32m  OK  [0m] Started Apply the settings specified in cloud-config.
[[0;32m  OK  [0m] Created slice User Slice of ubuntu.
         Starting Execute cloud user/final scripts...
         Starting User Manager for UID 1000...
[[0;32m  OK  [0m] Started User Manager for UID 1000.
[[0;32m  OK  [0m] Started Session 1 of user ubuntu.
ci-info: no authorized ssh keys fingerprints found for user ubuntu.
<14>Sep 23 14:13:17 ec2: 
<14>Sep 23 14:13:17 ec2: #############################################################
<14>Sep 23 14:13:17 ec2: -----BEGIN SSH HOST KEY FINGERPRINTS-----
<14>Sep 23 14:13:17 ec2: 1024 SHA256:iOwTGWMNzAIOfjUmTAS4LgdMQ3MuIyEpsN1A4XKiy7s root@ubuntu-xenial (DSA)
<14>Sep 23 14:13:17 ec2: 256 SHA256:uFwQtD/6UKt6HAAPGOxYoizQB1NUH1ew6CoXBUWqrrk root@ubuntu-xenial (ECDSA)
<14>Sep 23 14:13:17 ec2: 256 SHA256:QA+4JpbW4EZ7H4t6IXJmQXr9FwlQFU/Qae0nZti3j28 root@ubuntu-xenial (ED25519)
<14>Sep 23 14:13:17 ec2: 2048 SHA256:3sUj0Jn6r1Dd3G8SGH+8Aaz0cUexL2tQG5pqPrVKvQY root@ubuntu-xenial (RSA)
<14>Sep 23 14:13:17 ec2: -----END SSH HOST KEY FINGERPRINTS-----
<14>Sep 23 14:13:17 ec2: #############################################################
-----BEGIN SSH HOST KEY KEYS-----
ecdsa-sha2-nistp256 AAAAE2VjZHNhLXNoYTItbmlzdHAyNTYAAAAIbmlzdHAyNTYAAABBBEwb+F5xsX3SuiBGa+S2D2hp1v9lnydjMwKqT/nWJzSusffPqb3VfwDRYVRcrosmMlVxxu+UKCaROwNO5odbDeo= root@ubuntu-xenial
ssh-ed25519 AAAAC3NzaC1lZDI1NTE5AAAAIPGhB8jM/V5oQ5opgaLHcPk36jV6Cth+3kHWfZ2qSclC root@ubuntu-xenial
ssh-rsa AAAAB3NzaC1yc2EAAAADAQABAAABAQC4EXyH/o8h8sSMYU9drLnvZ94sEAnZZlET3nXNwOISxQgh1EB0v6R378ucP3LNuAM0hP75ViP1LUrO6FopSKQgyK5kl5SOHqm6WKoL7OO7PN7oNeuwF1Hrzi0FZp58DePUxFqGvDc4JHlhc3BWRJ7kMnPpV4A4DKemBZzRMN8FWFFJ7o2EV1jjfQmjHk+nA8PQbrWMMe0TgJsmL66Qs5sHNc5mu2R/uIou7Zx7SoGn02bWl4fXfplPT4Lm14yrjP9be9IHhgvZrYUBJ6ILYMCiVPmdWio6U1HQlWzZdrbOmLkWAD5iVKqpD8G2Jrbx88TGLJwvKgJJkESF/1yKxi2f root@ubuntu-xenial
-----END SSH HOST KEY KEYS-----
[   29.783516] cloud-init[1346]: Cloud-init v. 0.7.9 running 'modules:final' at Sat, 23 Sep 2017 14:13:17 +0000. Up 28.80 seconds.
[[0;32m  OK  [0m] Started Execute cloud user/final scripts.
[   29.863500] cloud-init[1346]: ci-info: no authorized ssh keys fingerprints found for user ubuntu.
[   29.900680] cloud-init[1346]: Cloud-init v. 0.7.9 finished at Sat, 23 Sep 2017 14:13:18 +0000. Datasource DataSourceNoCloud [seed=/dev/sdb][dsmode=net].  Up 29.77 seconds
[[0;32m  OK  [0m] Reached target Cloud-init target.

Ubuntu 16.04.3 LTS ubuntu-xenial ttyS0

ubuntu-xenial login: 